{"/home/travis/build/npmtest/node-npmtest-node-resque/test.js":{"path":"/home/travis/build/npmtest/node-npmtest-node-resque/test.js","s":{"1":2,"2":2,"3":2,"4":2,"5":2,"6":2,"7":2,"8":1,"9":2,"10":2,"11":1,"12":1,"13":1,"14":1,"15":2,"16":2,"17":2,"18":2,"19":1,"20":1,"21":2,"22":2,"23":2,"24":1,"25":1,"26":1,"27":1,"28":1,"29":1,"30":1,"31":1,"32":1,"33":1,"34":1,"35":1,"36":1,"37":1,"38":1,"39":2,"40":2,"41":1,"42":2,"43":2,"44":1,"45":2,"46":2,"47":1,"48":2,"49":2,"50":1,"51":1,"52":1,"53":1,"54":1},"b":{"1":[2,1,1,1],"2":[1,1,1,1],"3":[1,1],"4":[1,1],"5":[1,1],"6":[1,1],"7":[1,1],"8":[1,1],"9":[1,1],"10":[1,1,1],"11":[1,1],"12":[1,1],"13":[1,1],"14":[1,1],"15":[1,1],"16":[1,1],"17":[1,1]},"f":{"1":2,"2":2,"3":2,"4":2,"5":2,"6":1,"7":1,"8":1,"9":2,"10":2,"11":2,"12":2,"13":1},"fnMap":{"1":{"name":"(anonymous_1)","line":12,"loc":{"start":{"line":12,"column":1},"end":{"line":12,"column":13}}},"2":{"name":"(anonymous_2)","line":19,"loc":{"start":{"line":19,"column":5},"end":{"line":19,"column":17}}},"3":{"name":"(anonymous_3)","line":23,"loc":{"start":{"line":23,"column":24},"end":{"line":23,"column":36}}},"4":{"name":"(anonymous_4)","line":61,"loc":{"start":{"line":61,"column":5},"end":{"line":61,"column":17}}},"5":{"name":"(anonymous_5)","line":82,"loc":{"start":{"line":82,"column":5},"end":{"line":82,"column":17}}},"6":{"name":"(anonymous_6)","line":91,"loc":{"start":{"line":91,"column":77},"end":{"line":94,"column":10}}},"7":{"name":"(anonymous_7)","line":112,"loc":{"start":{"line":112,"column":83},"end":{"line":115,"column":10}},"skip":true},"8":{"name":"(anonymous_8)","line":123,"loc":{"start":{"line":123,"column":77},"end":{"line":126,"column":10}},"skip":true},"9":{"name":"(anonymous_9)","line":139,"loc":{"start":{"line":139,"column":12},"end":{"line":139,"column":40}},"skip":true},"10":{"name":"(anonymous_10)","line":147,"loc":{"start":{"line":147,"column":77},"end":{"line":150,"column":10}},"skip":true},"11":{"name":"(anonymous_11)","line":158,"loc":{"start":{"line":158,"column":83},"end":{"line":161,"column":10}},"skip":true},"12":{"name":"(anonymous_12)","line":169,"loc":{"start":{"line":169,"column":79},"end":{"line":172,"column":10}},"skip":true},"13":{"name":"(anonymous_13)","line":180,"loc":{"start":{"line":180,"column":75},"end":{"line":183,"column":10}},"skip":true}},"statementMap":{"1":{"start":{"line":12,"column":0},"end":{"line":195,"column":5}},"2":{"start":{"line":14,"column":4},"end":{"line":14,"column":14}},"3":{"start":{"line":19,"column":4},"end":{"line":56,"column":9}},"4":{"start":{"line":21,"column":8},"end":{"line":21,"column":19}},"5":{"start":{"line":23,"column":8},"end":{"line":35,"column":13}},"6":{"start":{"line":24,"column":12},"end":{"line":34,"column":13}},"7":{"start":{"line":25,"column":16},"end":{"line":28,"column":30}},"8":{"start":{"line":30,"column":16},"end":{"line":33,"column":27}},"9":{"start":{"line":37,"column":8},"end":{"line":39,"column":21}},"10":{"start":{"line":40,"column":8},"end":{"line":53,"column":9}},"11":{"start":{"line":43,"column":12},"end":{"line":46,"column":14}},"12":{"start":{"line":47,"column":12},"end":{"line":47,"column":18}},"13":{"start":{"line":50,"column":12},"end":{"line":51,"column":46}},"14":{"start":{"line":52,"column":12},"end":{"line":52,"column":18}},"15":{"start":{"line":55,"column":8},"end":{"line":55,"column":35}},"16":{"start":{"line":61,"column":4},"end":{"line":63,"column":9}},"17":{"start":{"line":62,"column":8},"end":{"line":62,"column":15}},"18":{"start":{"line":64,"column":4},"end":{"line":77,"column":5}},"19":{"start":{"line":70,"column":8},"end":{"line":70,"column":14}},"20":{"start":{"line":76,"column":8},"end":{"line":76,"column":14}},"21":{"start":{"line":82,"column":4},"end":{"line":84,"column":9}},"22":{"start":{"line":83,"column":8},"end":{"line":83,"column":15}},"23":{"start":{"line":85,"column":4},"end":{"line":194,"column":5}},"24":{"start":{"line":91,"column":8},"end":{"line":99,"column":10}},"25":{"start":{"line":98,"column":12},"end":{"line":98,"column":35}},"26":{"start":{"line":102,"column":8},"end":{"line":104,"column":63}},"27":{"start":{"line":105,"column":8},"end":{"line":105,"column":14}},"28":{"start":{"line":112,"column":8},"end":{"line":121,"column":10},"skip":true},"29":{"start":{"line":119,"column":12},"end":{"line":119,"column":55},"skip":true},"30":{"start":{"line":120,"column":12},"end":{"line":120,"column":48},"skip":true},"31":{"start":{"line":123,"column":8},"end":{"line":136,"column":10},"skip":true},"32":{"start":{"line":130,"column":12},"end":{"line":130,"column":76},"skip":true},"33":{"start":{"line":131,"column":12},"end":{"line":131,"column":73},"skip":true},"34":{"start":{"line":132,"column":12},"end":{"line":132,"column":74},"skip":true},"35":{"start":{"line":133,"column":12},"end":{"line":133,"column":79},"skip":true},"36":{"start":{"line":134,"column":12},"end":{"line":134,"column":25},"skip":true},"37":{"start":{"line":135,"column":12},"end":{"line":135,"column":45},"skip":true},"38":{"start":{"line":138,"column":8},"end":{"line":145,"column":14},"skip":true},"39":{"start":{"line":143,"column":16},"end":{"line":143,"column":29},"skip":true},"40":{"start":{"line":144,"column":16},"end":{"line":144,"column":55},"skip":true},"41":{"start":{"line":147,"column":8},"end":{"line":156,"column":10},"skip":true},"42":{"start":{"line":154,"column":12},"end":{"line":154,"column":25},"skip":true},"43":{"start":{"line":155,"column":12},"end":{"line":155,"column":45},"skip":true},"44":{"start":{"line":158,"column":8},"end":{"line":167,"column":10},"skip":true},"45":{"start":{"line":165,"column":12},"end":{"line":165,"column":25},"skip":true},"46":{"start":{"line":166,"column":12},"end":{"line":166,"column":48},"skip":true},"47":{"start":{"line":169,"column":8},"end":{"line":178,"column":10},"skip":true},"48":{"start":{"line":176,"column":12},"end":{"line":176,"column":25},"skip":true},"49":{"start":{"line":177,"column":12},"end":{"line":177,"column":46},"skip":true},"50":{"start":{"line":180,"column":8},"end":{"line":189,"column":10},"skip":true},"51":{"start":{"line":187,"column":12},"end":{"line":187,"column":94},"skip":true},"52":{"start":{"line":188,"column":12},"end":{"line":188,"column":48},"skip":true},"53":{"start":{"line":192,"column":8},"end":{"line":192,"column":35},"skip":true},"54":{"start":{"line":193,"column":8},"end":{"line":193,"column":14},"skip":true}},"branchMap":{"1":{"line":25,"type":"binary-expr","locations":[{"start":{"line":25,"column":23},"end":{"line":25,"column":62}},{"start":{"line":26,"column":20},"end":{"line":26,"column":70}},{"start":{"line":27,"column":20},"end":{"line":27,"column":71}},{"start":{"line":28,"column":20},"end":{"line":28,"column":29}}]},"2":{"line":30,"type":"binary-expr","locations":[{"start":{"line":30,"column":23},"end":{"line":30,"column":37}},{"start":{"line":31,"column":20},"end":{"line":31,"column":61}},{"start":{"line":32,"column":20},"end":{"line":32,"column":70}},{"start":{"line":33,"column":20},"end":{"line":33,"column":26}}]},"3":{"line":37,"type":"cond-expr","locations":[{"start":{"line":38,"column":14},"end":{"line":38,"column":20}},{"start":{"line":39,"column":14},"end":{"line":39,"column":20}}]},"4":{"line":40,"type":"switch","locations":[{"start":{"line":42,"column":8},"end":{"line":47,"column":18}},{"start":{"line":49,"column":8},"end":{"line":52,"column":18}}]},"5":{"line":44,"type":"binary-expr","locations":[{"start":{"line":44,"column":16},"end":{"line":44,"column":44}},{"start":{"line":44,"column":48},"end":{"line":44,"column":66}}]},"6":{"line":50,"type":"binary-expr","locations":[{"start":{"line":50,"column":21},"end":{"line":50,"column":49}},{"start":{"line":50,"column":53},"end":{"line":50,"column":72}}]},"7":{"line":64,"type":"switch","locations":[{"start":{"line":69,"column":4},"end":{"line":70,"column":14}},{"start":{"line":75,"column":4},"end":{"line":76,"column":14}}]},"8":{"line":85,"type":"switch","locations":[{"start":{"line":90,"column":4},"end":{"line":105,"column":14}},{"start":{"line":111,"column":4},"end":{"line":193,"column":14},"skip":true}]},"9":{"line":91,"type":"binary-expr","locations":[{"start":{"line":91,"column":42},"end":{"line":91,"column":73}},{"start":{"line":91,"column":77},"end":{"line":99,"column":9}}]},"10":{"line":102,"type":"binary-expr","locations":[{"start":{"line":102,"column":18},"end":{"line":102,"column":32}},{"start":{"line":103,"column":12},"end":{"line":103,"column":53}},{"start":{"line":104,"column":12},"end":{"line":104,"column":61}}]},"11":{"line":112,"type":"binary-expr","locations":[{"start":{"line":112,"column":45},"end":{"line":112,"column":79},"skip":true},{"start":{"line":112,"column":83},"end":{"line":121,"column":9},"skip":true}]},"12":{"line":123,"type":"binary-expr","locations":[{"start":{"line":123,"column":42},"end":{"line":123,"column":73},"skip":true},{"start":{"line":123,"column":77},"end":{"line":136,"column":9},"skip":true}]},"13":{"line":138,"type":"binary-expr","locations":[{"start":{"line":138,"column":48},"end":{"line":138,"column":85},"skip":true},{"start":{"line":139,"column":12},"end":{"line":145,"column":13},"skip":true}]},"14":{"line":147,"type":"binary-expr","locations":[{"start":{"line":147,"column":42},"end":{"line":147,"column":73},"skip":true},{"start":{"line":147,"column":77},"end":{"line":156,"column":9},"skip":true}]},"15":{"line":158,"type":"binary-expr","locations":[{"start":{"line":158,"column":45},"end":{"line":158,"column":79},"skip":true},{"start":{"line":158,"column":83},"end":{"line":167,"column":9},"skip":true}]},"16":{"line":169,"type":"binary-expr","locations":[{"start":{"line":169,"column":43},"end":{"line":169,"column":75},"skip":true},{"start":{"line":169,"column":79},"end":{"line":178,"column":9},"skip":true}]},"17":{"line":180,"type":"binary-expr","locations":[{"start":{"line":180,"column":41},"end":{"line":180,"column":71},"skip":true},{"start":{"line":180,"column":75},"end":{"line":189,"column":9},"skip":true}]}},"code":["/* istanbul instrument in package npmtest_node_resque */","/*jslint","    bitwise: true,","    browser: true,","    maxerr: 8,","    maxlen: 96,","    node: true,","    nomen: true,","    regexp: true,","    stupid: true","*/","(function () {","    'use strict';","    var local;","","","","    // run shared js-env code - pre-init","    (function () {","        // init local","        local = {};","        // init modeJs","        local.modeJs = (function () {","            try {","                return typeof navigator.userAgent === 'string' &&","                    typeof document.querySelector('body') === 'object' &&","                    typeof XMLHttpRequest.prototype.open === 'function' &&","                    'browser';","            } catch (errorCaughtBrowser) {","                return module.exports &&","                    typeof process.versions.node === 'string' &&","                    typeof require('http').createServer === 'function' &&","                    'node';","            }","        }());","        // init global","        local.global = local.modeJs === 'browser'","            ? window","            : global;","        switch (local.modeJs) {","        // re-init local from window.local","        case 'browser':","            local = local.global.utility2.objectSetDefault(","                local.global.utility2_rollup || local.global.local,","                local.global.utility2","            );","            break;","        // re-init local from example.js","        case 'node':","            local = (local.global.utility2_rollup || require('utility2'))","                .requireExampleJsFromReadme();","            break;","        }","        // export local","        local.global.local = local;","    }());","","","","    // run shared js-env code - function","    (function () {","        return;","    }());","    switch (local.modeJs) {","","","","    // run browser js-env code - function","    case 'browser':","        break;","","","","    // run node js-env code - function","    case 'node':","        break;","    }","","","","    // run shared js-env code - post-init","    (function () {","        return;","    }());","    switch (local.modeJs) {","","","","    // run browser js-env code - post-init","    case 'browser':","        local.testCase_browser_nullCase = local.testCase_browser_nullCase || function (","            options,","            onError","        ) {","        /*","         * this function will test browsers's null-case handling-behavior-behavior","         */","            onError(null, options);","        };","","        // run tests","        local.nop(local.modeTest &&","            document.querySelector('#testRunButton1') &&","            document.querySelector('#testRunButton1').click());","        break;","","","","    // run node js-env code - post-init","    /* istanbul ignore next */","    case 'node':","        local.testCase_buildApidoc_default = local.testCase_buildApidoc_default || function (","            options,","            onError","        ) {","        /*","         * this function will test buildApidoc's default handling-behavior-behavior","         */","            options = { modulePathList: module.paths };","            local.buildApidoc(options, onError);","        };","","        local.testCase_buildApp_default = local.testCase_buildApp_default || function (","            options,","            onError","        ) {","        /*","         * this function will test buildApp's default handling-behavior-behavior","         */","            local.testCase_buildReadme_default(options, local.onErrorThrow);","            local.testCase_buildLib_default(options, local.onErrorThrow);","            local.testCase_buildTest_default(options, local.onErrorThrow);","            local.testCase_buildCustomOrg_default(options, local.onErrorThrow);","            options = [];","            local.buildApp(options, onError);","        };","","        local.testCase_buildCustomOrg_default = local.testCase_buildCustomOrg_default ||","            function (options, onError) {","            /*","             * this function will test buildCustomOrg's default handling-behavior","             */","                options = {};","                local.buildCustomOrg(options, onError);","            };","","        local.testCase_buildLib_default = local.testCase_buildLib_default || function (","            options,","            onError","        ) {","        /*","         * this function will test buildLib's default handling-behavior","         */","            options = {};","            local.buildLib(options, onError);","        };","","        local.testCase_buildReadme_default = local.testCase_buildReadme_default || function (","            options,","            onError","        ) {","        /*","         * this function will test buildReadme's default handling-behavior-behavior","         */","            options = {};","            local.buildReadme(options, onError);","        };","","        local.testCase_buildTest_default = local.testCase_buildTest_default || function (","            options,","            onError","        ) {","        /*","         * this function will test buildTest's default handling-behavior","         */","            options = {};","            local.buildTest(options, onError);","        };","","        local.testCase_webpage_default = local.testCase_webpage_default || function (","            options,","            onError","        ) {","        /*","         * this function will test webpage's default handling-behavior","         */","            options = { modeCoverageMerge: true, url: local.serverLocalHost + '?modeTest=1' };","            local.browserTest(options, onError);","        };","","        // run test-server","        local.testRunServer(local);","        break;","    }","}());",""],"l":{"12":2,"14":2,"19":2,"21":2,"23":2,"24":2,"25":2,"30":1,"37":2,"40":2,"43":1,"47":1,"50":1,"52":1,"55":2,"61":2,"62":2,"64":2,"70":1,"76":1,"82":2,"83":2,"85":2,"91":1,"98":1,"102":1,"105":1,"112":1,"119":1,"120":1,"123":1,"130":1,"131":1,"132":1,"133":1,"134":1,"135":1,"138":1,"143":2,"144":2,"147":1,"154":2,"155":2,"158":1,"165":2,"166":2,"169":1,"176":2,"177":2,"180":1,"187":1,"188":1,"192":1,"193":1}},"/home/travis/build/npmtest/node-npmtest-node-resque/lib.npmtest_node_resque.js":{"path":"/home/travis/build/npmtest/node-npmtest-node-resque/lib.npmtest_node_resque.js","s":{"1":2,"2":2,"3":2,"4":2,"5":2,"6":2,"7":2,"8":1,"9":2,"10":2,"11":2,"12":2,"13":1,"14":1,"15":1,"16":1},"b":{"1":[2,1,1,1],"2":[1,1,1,1],"3":[1,1],"4":[2,2],"5":[1,1]},"f":{"1":2,"2":2,"3":2},"fnMap":{"1":{"name":"(anonymous_1)","line":12,"loc":{"start":{"line":12,"column":1},"end":{"line":12,"column":13}}},"2":{"name":"(anonymous_2)","line":19,"loc":{"start":{"line":19,"column":5},"end":{"line":19,"column":17}}},"3":{"name":"(anonymous_3)","line":23,"loc":{"start":{"line":23,"column":24},"end":{"line":23,"column":36}}}},"statementMap":{"1":{"start":{"line":12,"column":0},"end":{"line":53,"column":5}},"2":{"start":{"line":14,"column":4},"end":{"line":14,"column":14}},"3":{"start":{"line":19,"column":4},"end":{"line":52,"column":9}},"4":{"start":{"line":21,"column":8},"end":{"line":21,"column":19}},"5":{"start":{"line":23,"column":8},"end":{"line":35,"column":13}},"6":{"start":{"line":24,"column":12},"end":{"line":34,"column":13}},"7":{"start":{"line":25,"column":16},"end":{"line":28,"column":30}},"8":{"start":{"line":30,"column":16},"end":{"line":33,"column":27}},"9":{"start":{"line":37,"column":8},"end":{"line":39,"column":21}},"10":{"start":{"line":41,"column":8},"end":{"line":41,"column":54}},"11":{"start":{"line":43,"column":8},"end":{"line":43,"column":56}},"12":{"start":{"line":45,"column":8},"end":{"line":51,"column":9}},"13":{"start":{"line":46,"column":12},"end":{"line":46,"column":62}},"14":{"start":{"line":48,"column":12},"end":{"line":48,"column":35}},"15":{"start":{"line":49,"column":12},"end":{"line":49,"column":49}},"16":{"start":{"line":50,"column":12},"end":{"line":50,"column":43}}},"branchMap":{"1":{"line":25,"type":"binary-expr","locations":[{"start":{"line":25,"column":23},"end":{"line":25,"column":62}},{"start":{"line":26,"column":20},"end":{"line":26,"column":70}},{"start":{"line":27,"column":20},"end":{"line":27,"column":71}},{"start":{"line":28,"column":20},"end":{"line":28,"column":29}}]},"2":{"line":30,"type":"binary-expr","locations":[{"start":{"line":30,"column":23},"end":{"line":30,"column":37}},{"start":{"line":31,"column":20},"end":{"line":31,"column":61}},{"start":{"line":32,"column":20},"end":{"line":32,"column":70}},{"start":{"line":33,"column":20},"end":{"line":33,"column":26}}]},"3":{"line":37,"type":"cond-expr","locations":[{"start":{"line":38,"column":14},"end":{"line":38,"column":20}},{"start":{"line":39,"column":14},"end":{"line":39,"column":20}}]},"4":{"line":41,"type":"binary-expr","locations":[{"start":{"line":41,"column":16},"end":{"line":41,"column":44}},{"start":{"line":41,"column":48},"end":{"line":41,"column":53}}]},"5":{"line":45,"type":"if","locations":[{"start":{"line":45,"column":8},"end":{"line":45,"column":8}},{"start":{"line":45,"column":8},"end":{"line":45,"column":8}}]}},"code":["/* istanbul instrument in package npmtest_node_resque */","/*jslint","    bitwise: true,","    browser: true,","    maxerr: 8,","    maxlen: 96,","    node: true,","    nomen: true,","    regexp: true,","    stupid: true","*/","(function () {","    'use strict';","    var local;","","","","    // run shared js-env code - pre-init","    (function () {","        // init local","        local = {};","        // init modeJs","        local.modeJs = (function () {","            try {","                return typeof navigator.userAgent === 'string' &&","                    typeof document.querySelector('body') === 'object' &&","                    typeof XMLHttpRequest.prototype.open === 'function' &&","                    'browser';","            } catch (errorCaughtBrowser) {","                return module.exports &&","                    typeof process.versions.node === 'string' &&","                    typeof require('http').createServer === 'function' &&","                    'node';","            }","        }());","        // init global","        local.global = local.modeJs === 'browser'","            ? window","            : global;","        // init utility2_rollup","        local = local.global.utility2_rollup || local;","        // init lib","        local.local = local.npmtest_node_resque = local;","        // init exports","        if (local.modeJs === 'browser') {","            local.global.utility2_npmtest_node_resque = local;","        } else {","            module.exports = local;","            module.exports.__dirname = __dirname;","            module.exports.module = module;","        }","    }());","}());",""],"l":{"12":2,"14":2,"19":2,"21":2,"23":2,"24":2,"25":2,"30":1,"37":2,"41":2,"43":2,"45":2,"46":1,"48":1,"49":1,"50":1}},"/home/travis/build/npmtest/node-npmtest-node-resque/example.js":{"path":"/home/travis/build/npmtest/node-npmtest-node-resque/example.js","s":{"1":2,"2":2,"3":2,"4":2,"5":2,"6":2,"7":2,"8":1,"9":2,"10":2,"11":2,"12":2,"13":1,"14":2,"15":2,"16":2,"17":2,"18":2,"19":0,"20":2,"21":1,"22":1,"23":1,"24":1,"25":1,"26":0,"27":0,"28":1,"29":1,"30":2,"31":0,"32":0,"33":0,"34":1,"35":2,"36":2,"37":3,"38":3,"39":3,"40":3,"41":0,"42":3,"43":3,"44":3,"45":1,"46":3,"47":1,"48":1,"49":1,"50":1,"51":1,"52":1,"53":1,"54":1,"55":1,"56":1,"57":0,"58":1,"59":6,"60":6,"61":1,"62":2,"63":0,"64":2,"65":1,"66":1,"67":0,"68":0,"69":0,"70":0,"71":0,"72":0,"73":0,"74":0,"75":0,"76":0,"77":0,"78":0,"79":0,"80":0,"81":0,"82":0,"83":0},"b":{"1":[2,1,1,1],"2":[1,1,1,1],"3":[1,1],"4":[2,2],"5":[1,1],"6":[1,1],"7":[2,0],"8":[2,1,1,1,1,1],"9":[0,2,0],"10":[1,1],"11":[2,1,1],"12":[1,0],"13":[0,2],"14":[2,0,0,0,0,0,0],"15":[0,3],"16":[3,0],"17":[1,1],"18":[0,1],"19":[1,2,0,2],"20":[1,0],"21":[1,1],"22":[0,0],"23":[0,0],"24":[0,0],"25":[0,0],"26":[0,0],"27":[0,0],"28":[0,0]},"f":{"1":2,"2":2,"3":2,"4":2,"5":2,"6":2,"7":3,"8":3,"9":3,"10":1,"11":6,"12":0},"fnMap":{"1":{"name":"(anonymous_1)","line":26,"loc":{"start":{"line":26,"column":1},"end":{"line":26,"column":13}}},"2":{"name":"(anonymous_2)","line":33,"loc":{"start":{"line":33,"column":5},"end":{"line":33,"column":17}}},"3":{"name":"(anonymous_3)","line":37,"loc":{"start":{"line":37,"column":24},"end":{"line":37,"column":36}}},"4":{"name":"(anonymous_4)","line":69,"loc":{"start":{"line":69,"column":31},"end":{"line":69,"column":48}},"skip":true},"5":{"name":"(anonymous_5)","line":78,"loc":{"start":{"line":78,"column":26},"end":{"line":78,"column":45}},"skip":true},"6":{"name":"(anonymous_6)","line":123,"loc":{"start":{"line":123,"column":33},"end":{"line":123,"column":48}},"skip":true},"7":{"name":"(anonymous_7)","line":125,"loc":{"start":{"line":125,"column":27},"end":{"line":125,"column":39}},"skip":true},"8":{"name":"(anonymous_8)","line":133,"loc":{"start":{"line":133,"column":59},"end":{"line":133,"column":74}},"skip":true},"9":{"name":"(anonymous_9)","line":143,"loc":{"start":{"line":143,"column":45},"end":{"line":143,"column":62}},"skip":true},"10":{"name":"(anonymous_10)","line":144,"loc":{"start":{"line":144,"column":73},"end":{"line":144,"column":92}},"skip":true},"11":{"name":"(anonymous_11)","line":272,"loc":{"start":{"line":272,"column":51},"end":{"line":272,"column":77}},"skip":true},"12":{"name":"(anonymous_12)","line":315,"loc":{"start":{"line":315,"column":32},"end":{"line":315,"column":61}},"skip":true}},"statementMap":{"1":{"start":{"line":26,"column":0},"end":{"line":326,"column":5}},"2":{"start":{"line":28,"column":4},"end":{"line":28,"column":14}},"3":{"start":{"line":33,"column":4},"end":{"line":60,"column":9}},"4":{"start":{"line":35,"column":8},"end":{"line":35,"column":19}},"5":{"start":{"line":37,"column":8},"end":{"line":49,"column":13}},"6":{"start":{"line":38,"column":12},"end":{"line":48,"column":13}},"7":{"start":{"line":39,"column":16},"end":{"line":42,"column":30}},"8":{"start":{"line":44,"column":16},"end":{"line":47,"column":27}},"9":{"start":{"line":51,"column":8},"end":{"line":53,"column":21}},"10":{"start":{"line":55,"column":8},"end":{"line":57,"column":45}},"11":{"start":{"line":59,"column":8},"end":{"line":59,"column":35}},"12":{"start":{"line":61,"column":4},"end":{"line":325,"column":5}},"13":{"start":{"line":69,"column":8},"end":{"line":121,"column":10},"skip":true},"14":{"start":{"line":70,"column":12},"end":{"line":88,"column":13},"skip":true},"15":{"start":{"line":76,"column":16},"end":{"line":87,"column":19},"skip":true},"16":{"start":{"line":79,"column":20},"end":{"line":86,"column":21},"skip":true},"17":{"start":{"line":82,"column":24},"end":{"line":82,"column":43},"skip":true},"18":{"start":{"line":83,"column":24},"end":{"line":83,"column":30},"skip":true},"19":{"start":{"line":85,"column":24},"end":{"line":85,"column":49},"skip":true},"20":{"start":{"line":89,"column":12},"end":{"line":107,"column":13},"skip":true},"21":{"start":{"line":92,"column":16},"end":{"line":102,"column":17},"skip":true},"22":{"start":{"line":93,"column":20},"end":{"line":93,"column":86},"skip":true},"23":{"start":{"line":94,"column":20},"end":{"line":95,"column":45},"skip":true},"24":{"start":{"line":96,"column":20},"end":{"line":96,"column":42},"skip":true},"25":{"start":{"line":97,"column":20},"end":{"line":97,"column":48},"skip":true},"26":{"start":{"line":100,"column":20},"end":{"line":100,"column":85},"skip":true},"27":{"start":{"line":101,"column":20},"end":{"line":101,"column":96},"skip":true},"28":{"start":{"line":103,"column":16},"end":{"line":103,"column":22},"skip":true},"29":{"start":{"line":106,"column":16},"end":{"line":106,"column":22},"skip":true},"30":{"start":{"line":108,"column":12},"end":{"line":120,"column":13},"skip":true},"31":{"start":{"line":114,"column":16},"end":{"line":119,"column":17},"skip":true},"32":{"start":{"line":116,"column":20},"end":{"line":116,"column":78},"skip":true},"33":{"start":{"line":118,"column":20},"end":{"line":118,"column":47},"skip":true},"34":{"start":{"line":123,"column":8},"end":{"line":141,"column":11},"skip":true},"35":{"start":{"line":124,"column":12},"end":{"line":124,"column":54},"skip":true},"36":{"start":{"line":125,"column":12},"end":{"line":140,"column":14},"skip":true},"37":{"start":{"line":126,"column":16},"end":{"line":126,"column":28},"skip":true},"38":{"start":{"line":127,"column":16},"end":{"line":127,"column":69},"skip":true},"39":{"start":{"line":128,"column":16},"end":{"line":128,"column":75},"skip":true},"40":{"start":{"line":129,"column":16},"end":{"line":131,"column":17},"skip":true},"41":{"start":{"line":130,"column":20},"end":{"line":130,"column":27},"skip":true},"42":{"start":{"line":133,"column":16},"end":{"line":137,"column":36},"skip":true},"43":{"start":{"line":134,"column":20},"end":{"line":136,"column":55},"skip":true},"44":{"start":{"line":139,"column":16},"end":{"line":139,"column":57},"skip":true},"45":{"start":{"line":143,"column":8},"end":{"line":147,"column":11},"skip":true},"46":{"start":{"line":144,"column":12},"end":{"line":146,"column":15},"skip":true},"47":{"start":{"line":145,"column":16},"end":{"line":145,"column":70},"skip":true},"48":{"start":{"line":149,"column":8},"end":{"line":149,"column":31},"skip":true},"49":{"start":{"line":150,"column":8},"end":{"line":150,"column":14},"skip":true},"50":{"start":{"line":158,"column":8},"end":{"line":158,"column":31},"skip":true},"51":{"start":{"line":160,"column":8},"end":{"line":160,"column":33},"skip":true},"52":{"start":{"line":161,"column":8},"end":{"line":161,"column":37},"skip":true},"53":{"start":{"line":162,"column":8},"end":{"line":162,"column":35},"skip":true},"54":{"start":{"line":164,"column":8},"end":{"line":164,"column":50},"skip":true},"55":{"start":{"line":166,"column":8},"end":{"line":256,"column":2},"skip":true},"56":{"start":{"line":258,"column":8},"end":{"line":286,"column":9},"skip":true},"57":{"start":{"line":259,"column":12},"end":{"line":269,"column":14},"skip":true},"58":{"start":{"line":271,"column":12},"end":{"line":285,"column":19},"skip":true},"59":{"start":{"line":274,"column":20},"end":{"line":274,"column":35},"skip":true},"60":{"start":{"line":275,"column":20},"end":{"line":284,"column":21},"skip":true},"61":{"start":{"line":277,"column":24},"end":{"line":277,"column":64},"skip":true},"62":{"start":{"line":279,"column":24},"end":{"line":279,"column":40},"skip":true},"63":{"start":{"line":281,"column":24},"end":{"line":281,"column":40},"skip":true},"64":{"start":{"line":283,"column":24},"end":{"line":283,"column":39},"skip":true},"65":{"start":{"line":288,"column":8},"end":{"line":290,"column":9},"skip":true},"66":{"start":{"line":289,"column":12},"end":{"line":289,"column":18},"skip":true},"67":{"start":{"line":291,"column":8},"end":{"line":293,"column":54},"skip":true},"68":{"start":{"line":296,"column":8},"end":{"line":301,"column":37},"skip":true},"69":{"start":{"line":303,"column":8},"end":{"line":303,"column":82},"skip":true},"70":{"start":{"line":306,"column":8},"end":{"line":308,"column":9},"skip":true},"71":{"start":{"line":307,"column":12},"end":{"line":307,"column":82},"skip":true},"72":{"start":{"line":310,"column":8},"end":{"line":312,"column":9},"skip":true},"73":{"start":{"line":311,"column":12},"end":{"line":311,"column":18},"skip":true},"74":{"start":{"line":313,"column":8},"end":{"line":313,"column":54},"skip":true},"75":{"start":{"line":314,"column":8},"end":{"line":314,"column":69},"skip":true},"76":{"start":{"line":315,"column":8},"end":{"line":323,"column":36},"skip":true},"77":{"start":{"line":316,"column":12},"end":{"line":316,"column":61},"skip":true},"78":{"start":{"line":317,"column":12},"end":{"line":320,"column":13},"skip":true},"79":{"start":{"line":318,"column":16},"end":{"line":318,"column":75},"skip":true},"80":{"start":{"line":319,"column":16},"end":{"line":319,"column":23},"skip":true},"81":{"start":{"line":321,"column":12},"end":{"line":321,"column":38},"skip":true},"82":{"start":{"line":322,"column":12},"end":{"line":322,"column":27},"skip":true},"83":{"start":{"line":324,"column":8},"end":{"line":324,"column":14},"skip":true}},"branchMap":{"1":{"line":39,"type":"binary-expr","locations":[{"start":{"line":39,"column":23},"end":{"line":39,"column":62}},{"start":{"line":40,"column":20},"end":{"line":40,"column":70}},{"start":{"line":41,"column":20},"end":{"line":41,"column":71}},{"start":{"line":42,"column":20},"end":{"line":42,"column":29}}]},"2":{"line":44,"type":"binary-expr","locations":[{"start":{"line":44,"column":23},"end":{"line":44,"column":37}},{"start":{"line":45,"column":20},"end":{"line":45,"column":61}},{"start":{"line":46,"column":20},"end":{"line":46,"column":70}},{"start":{"line":47,"column":20},"end":{"line":47,"column":26}}]},"3":{"line":51,"type":"cond-expr","locations":[{"start":{"line":52,"column":14},"end":{"line":52,"column":20}},{"start":{"line":53,"column":14},"end":{"line":53,"column":20}}]},"4":{"line":55,"type":"binary-expr","locations":[{"start":{"line":55,"column":16},"end":{"line":55,"column":44}},{"start":{"line":55,"column":49},"end":{"line":57,"column":43}}]},"5":{"line":55,"type":"cond-expr","locations":[{"start":{"line":56,"column":14},"end":{"line":56,"column":55}},{"start":{"line":57,"column":14},"end":{"line":57,"column":43}}]},"6":{"line":61,"type":"switch","locations":[{"start":{"line":68,"column":4},"end":{"line":150,"column":14},"skip":true},{"start":{"line":156,"column":4},"end":{"line":324,"column":14},"skip":true}]},"7":{"line":70,"type":"if","locations":[{"start":{"line":70,"column":12},"end":{"line":70,"column":12},"skip":true},{"start":{"line":70,"column":12},"end":{"line":70,"column":12},"skip":true}]},"8":{"line":70,"type":"binary-expr","locations":[{"start":{"line":70,"column":16},"end":{"line":70,"column":22},"skip":true},{"start":{"line":70,"column":27},"end":{"line":70,"column":32},"skip":true},{"start":{"line":71,"column":20},"end":{"line":71,"column":39},"skip":true},{"start":{"line":72,"column":20},"end":{"line":72,"column":49},"skip":true},{"start":{"line":73,"column":20},"end":{"line":73,"column":58},"skip":true},{"start":{"line":74,"column":20},"end":{"line":74,"column":69},"skip":true}]},"9":{"line":79,"type":"switch","locations":[{"start":{"line":80,"column":20},"end":{"line":80,"column":33},"skip":true},{"start":{"line":81,"column":20},"end":{"line":83,"column":30},"skip":true},{"start":{"line":84,"column":20},"end":{"line":85,"column":49},"skip":true}]},"10":{"line":89,"type":"switch","locations":[{"start":{"line":90,"column":12},"end":{"line":103,"column":22},"skip":true},{"start":{"line":105,"column":12},"end":{"line":106,"column":22},"skip":true}]},"11":{"line":89,"type":"binary-expr","locations":[{"start":{"line":89,"column":20},"end":{"line":89,"column":25},"skip":true},{"start":{"line":89,"column":29},"end":{"line":89,"column":48},"skip":true},{"start":{"line":89,"column":52},"end":{"line":89,"column":74},"skip":true}]},"12":{"line":92,"type":"if","locations":[{"start":{"line":92,"column":16},"end":{"line":92,"column":16},"skip":true},{"start":{"line":92,"column":16},"end":{"line":92,"column":16},"skip":true}]},"13":{"line":108,"type":"if","locations":[{"start":{"line":108,"column":12},"end":{"line":108,"column":12},"skip":true},{"start":{"line":108,"column":12},"end":{"line":108,"column":12},"skip":true}]},"14":{"line":108,"type":"binary-expr","locations":[{"start":{"line":108,"column":16},"end":{"line":108,"column":61},"skip":true},{"start":{"line":108,"column":66},"end":{"line":108,"column":72},"skip":true},{"start":{"line":108,"column":77},"end":{"line":108,"column":82},"skip":true},{"start":{"line":109,"column":20},"end":{"line":109,"column":39},"skip":true},{"start":{"line":110,"column":20},"end":{"line":110,"column":49},"skip":true},{"start":{"line":111,"column":20},"end":{"line":111,"column":58},"skip":true},{"start":{"line":112,"column":20},"end":{"line":112,"column":68},"skip":true}]},"15":{"line":129,"type":"if","locations":[{"start":{"line":129,"column":16},"end":{"line":129,"column":16},"skip":true},{"start":{"line":129,"column":16},"end":{"line":129,"column":16},"skip":true}]},"16":{"line":134,"type":"cond-expr","locations":[{"start":{"line":135,"column":26},"end":{"line":135,"column":29},"skip":true},{"start":{"line":136,"column":26},"end":{"line":136,"column":54},"skip":true}]},"17":{"line":164,"type":"binary-expr","locations":[{"start":{"line":164,"column":27},"end":{"line":164,"column":43},"skip":true},{"start":{"line":164,"column":47},"end":{"line":164,"column":49},"skip":true}]},"18":{"line":258,"type":"if","locations":[{"start":{"line":258,"column":8},"end":{"line":258,"column":8},"skip":true},{"start":{"line":258,"column":8},"end":{"line":258,"column":8},"skip":true}]},"19":{"line":275,"type":"switch","locations":[{"start":{"line":276,"column":20},"end":{"line":277,"column":64},"skip":true},{"start":{"line":278,"column":20},"end":{"line":279,"column":40},"skip":true},{"start":{"line":280,"column":20},"end":{"line":281,"column":40},"skip":true},{"start":{"line":282,"column":20},"end":{"line":283,"column":39},"skip":true}]},"20":{"line":288,"type":"if","locations":[{"start":{"line":288,"column":8},"end":{"line":288,"column":8},"skip":true},{"start":{"line":288,"column":8},"end":{"line":288,"column":8},"skip":true}]},"21":{"line":288,"type":"binary-expr","locations":[{"start":{"line":288,"column":12},"end":{"line":288,"column":40},"skip":true},{"start":{"line":288,"column":44},"end":{"line":288,"column":67},"skip":true}]},"22":{"line":292,"type":"binary-expr","locations":[{"start":{"line":292,"column":12},"end":{"line":292,"column":50},"skip":true},{"start":{"line":293,"column":12},"end":{"line":293,"column":53},"skip":true}]},"23":{"line":297,"type":"binary-expr","locations":[{"start":{"line":297,"column":12},"end":{"line":297,"column":69},"skip":true},{"start":{"line":298,"column":12},"end":{"line":301,"column":36},"skip":true}]},"24":{"line":303,"type":"binary-expr","locations":[{"start":{"line":303,"column":43},"end":{"line":303,"column":75},"skip":true},{"start":{"line":303,"column":79},"end":{"line":303,"column":81},"skip":true}]},"25":{"line":306,"type":"if","locations":[{"start":{"line":306,"column":8},"end":{"line":306,"column":8},"skip":true},{"start":{"line":306,"column":8},"end":{"line":306,"column":8},"skip":true}]},"26":{"line":310,"type":"if","locations":[{"start":{"line":310,"column":8},"end":{"line":310,"column":8},"skip":true},{"start":{"line":310,"column":8},"end":{"line":310,"column":8},"skip":true}]},"27":{"line":313,"type":"binary-expr","locations":[{"start":{"line":313,"column":27},"end":{"line":313,"column":43},"skip":true},{"start":{"line":313,"column":47},"end":{"line":313,"column":53},"skip":true}]},"28":{"line":317,"type":"if","locations":[{"start":{"line":317,"column":12},"end":{"line":317,"column":12},"skip":true},{"start":{"line":317,"column":12},"end":{"line":317,"column":12},"skip":true}]}},"code":["/*","example.js","","quickstart example","","instruction","    1. save this script as example.js","    2. run the shell command:","        $ npm install npmtest-node-resque && PORT=8081 node example.js","    3. play with the browser-demo on http://127.0.0.1:8081","*/","","","","/* istanbul instrument in package npmtest_node_resque */","/*jslint","    bitwise: true,","    browser: true,","    maxerr: 8,","    maxlen: 96,","    node: true,","    nomen: true,","    regexp: true,","    stupid: true","*/","(function () {","    'use strict';","    var local;","","","","    // run shared js-env code - pre-init","    (function () {","        // init local","        local = {};","        // init modeJs","        local.modeJs = (function () {","            try {","                return typeof navigator.userAgent === 'string' &&","                    typeof document.querySelector('body') === 'object' &&","                    typeof XMLHttpRequest.prototype.open === 'function' &&","                    'browser';","            } catch (errorCaughtBrowser) {","                return module.exports &&","                    typeof process.versions.node === 'string' &&","                    typeof require('http').createServer === 'function' &&","                    'node';","            }","        }());","        // init global","        local.global = local.modeJs === 'browser'","            ? window","            : global;","        // init utility2_rollup","        local = local.global.utility2_rollup || (local.modeJs === 'browser'","            ? local.global.utility2_npmtest_node_resque","            : global.utility2_moduleExports);","        // export local","        local.global.local = local;","    }());","    switch (local.modeJs) {","","","","    // post-init","    // run browser js-env code - post-init","    /* istanbul ignore next */","    case 'browser':","        local.testRunBrowser = function (event) {","            if (!event || (event &&","                    event.currentTarget &&","                    event.currentTarget.className &&","                    event.currentTarget.className.includes &&","                    event.currentTarget.className.includes('onreset'))) {","                // reset output","                Array.from(","                    document.querySelectorAll('body > .resettable')","                ).forEach(function (element) {","                    switch (element.tagName) {","                    case 'INPUT':","                    case 'TEXTAREA':","                        element.value = '';","                        break;","                    default:","                        element.textContent = '';","                    }","                });","            }","            switch (event && event.currentTarget && event.currentTarget.id) {","            case 'testRunButton1':","                // show tests","                if (document.querySelector('#testReportDiv1').style.display === 'none') {","                    document.querySelector('#testReportDiv1').style.display = 'block';","                    document.querySelector('#testRunButton1').textContent =","                        'hide internal test';","                    local.modeTest = true;","                    local.testRunDefault(local);","                // hide tests","                } else {","                    document.querySelector('#testReportDiv1').style.display = 'none';","                    document.querySelector('#testRunButton1').textContent = 'run internal test';","                }","                break;","            // custom-case","            default:","                break;","            }","            if (document.querySelector('#inputTextareaEval1') && (!event || (event &&","                    event.currentTarget &&","                    event.currentTarget.className &&","                    event.currentTarget.className.includes &&","                    event.currentTarget.className.includes('oneval')))) {","                // try to eval input-code","                try {","                    /*jslint evil: true*/","                    eval(document.querySelector('#inputTextareaEval1').value);","                } catch (errorCaught) {","                    console.error(errorCaught);","                }","            }","        };","        // log stderr and stdout to #outputTextareaStdout1","        ['error', 'log'].forEach(function (key) {","            console[key + '_original'] = console[key];","            console[key] = function () {","                var element;","                console[key + '_original'].apply(console, arguments);","                element = document.querySelector('#outputTextareaStdout1');","                if (!element) {","                    return;","                }","                // append text to #outputTextareaStdout1","                element.value += Array.from(arguments).map(function (arg) {","                    return typeof arg === 'string'","                        ? arg","                        : JSON.stringify(arg, null, 4);","                }).join(' ') + '\\n';","                // scroll textarea to bottom","                element.scrollTop = element.scrollHeight;","            };","        });","        // init event-handling","        ['change', 'click', 'keyup'].forEach(function (event) {","            Array.from(document.querySelectorAll('.on' + event)).forEach(function (element) {","                element.addEventListener(event, local.testRunBrowser);","            });","        });","        // run tests","        local.testRunBrowser();","        break;","","","","    // run node js-env code - post-init","    /* istanbul ignore next */","    case 'node':","        // export local","        module.exports = local;","        // require modules","        local.fs = require('fs');","        local.http = require('http');","        local.url = require('url');","        // init assets","        local.assetsDict = local.assetsDict || {};","        /* jslint-ignore-begin */","        local.assetsDict['/assets.index.template.html'] = '\\","<!doctype html>\\n\\","<html lang=\"en\">\\n\\","<head>\\n\\","<meta charset=\"UTF-8\">\\n\\","<meta name=\"viewport\" content=\"width=device-width, initial-scale=1\">\\n\\","<title>{{env.npm_package_name}} (v{{env.npm_package_version}})</title>\\n\\","<style>\\n\\","/*csslint\\n\\","    box-sizing: false,\\n\\","    universal-selector: false\\n\\","*/\\n\\","* {\\n\\","    box-sizing: border-box;\\n\\","}\\n\\","body {\\n\\","    background: #dde;\\n\\","    font-family: Arial, Helvetica, sans-serif;\\n\\","    margin: 2rem;\\n\\","}\\n\\","body > * {\\n\\","    margin-bottom: 1rem;\\n\\","}\\n\\",".utility2FooterDiv {\\n\\","    margin-top: 20px;\\n\\","    text-align: center;\\n\\","}\\n\\","</style>\\n\\","<style>\\n\\","/*csslint\\n\\","*/\\n\\","textarea {\\n\\","    font-family: monospace;\\n\\","    height: 10rem;\\n\\","    width: 100%;\\n\\","}\\n\\","textarea[readonly] {\\n\\","    background: #ddd;\\n\\","}\\n\\","</style>\\n\\","</head>\\n\\","<body>\\n\\","<!-- utility2-comment\\n\\","<div id=\"ajaxProgressDiv1\" style=\"background: #d00; height: 2px; left: 0; margin: 0; padding: 0; position: fixed; top: 0; transition: background 0.5s, width 1.5s; width: 25%;\"></div>\\n\\","utility2-comment -->\\n\\","<h1>\\n\\","<!-- utility2-comment\\n\\","    <a\\n\\","        {{#if env.npm_package_homepage}}\\n\\","        href=\"{{env.npm_package_homepage}}\"\\n\\","        {{/if env.npm_package_homepage}}\\n\\","        target=\"_blank\"\\n\\","    >\\n\\","utility2-comment -->\\n\\","        {{env.npm_package_name}} (v{{env.npm_package_version}})\\n\\","<!-- utility2-comment\\n\\","    </a>\\n\\","utility2-comment -->\\n\\","</h1>\\n\\","<h3>{{env.npm_package_description}}</h3>\\n\\","<!-- utility2-comment\\n\\","<h4><a download href=\"assets.app.js\">download standalone app</a></h4>\\n\\","<button class=\"onclick onreset\" id=\"testRunButton1\">run internal test</button><br>\\n\\","<div id=\"testReportDiv1\" style=\"display: none;\"></div>\\n\\","utility2-comment -->\\n\\","\\n\\","\\n\\","\\n\\","<label>stderr and stdout</label>\\n\\","<textarea class=\"resettable\" id=\"outputTextareaStdout1\" readonly></textarea>\\n\\","<!-- utility2-comment\\n\\","{{#if isRollup}}\\n\\","<script src=\"assets.app.js\"></script>\\n\\","{{#unless isRollup}}\\n\\","utility2-comment -->\\n\\","<script src=\"assets.utility2.rollup.js\"></script>\\n\\","<script src=\"jsonp.utility2._stateInit?callback=window.utility2._stateInit\"></script>\\n\\","<script src=\"assets.npmtest_node_resque.rollup.js\"></script>\\n\\","<script src=\"assets.example.js\"></script>\\n\\","<script src=\"assets.test.js\"></script>\\n\\","<!-- utility2-comment\\n\\","{{/if isRollup}}\\n\\","utility2-comment -->\\n\\","<div class=\"utility2FooterDiv\">\\n\\","    [ this app was created with\\n\\","    <a href=\"https://github.com/kaizhu256/node-utility2\" target=\"_blank\">utility2</a>\\n\\","    ]\\n\\","</div>\\n\\","</body>\\n\\","</html>\\n\\","';","        /* jslint-ignore-end */","        if (local.templateRender) {","            local.assetsDict['/'] = local.templateRender(","                local.assetsDict['/assets.index.template.html'],","                {","                    env: local.objectSetDefault(local.env, {","                        npm_package_description: 'the greatest app in the world!',","                        npm_package_name: 'my-app',","                        npm_package_nameAlias: 'my_app',","                        npm_package_version: '0.0.1'","                    })","                }","            );","        } else {","            local.assetsDict['/'] = local.assetsDict['/assets.index.template.html']","                .replace((/\\{\\{env\\.(\\w+?)\\}\\}/g), function (match0, match1) {","                    // jslint-hack","                    String(match0);","                    switch (match1) {","                    case 'npm_package_description':","                        return 'the greatest app in the world!';","                    case 'npm_package_name':","                        return 'my-app';","                    case 'npm_package_nameAlias':","                        return 'my_app';","                    case 'npm_package_version':","                        return '0.0.1';","                    }","                });","        }","        // run the cli","        if (local.global.utility2_rollup || module !== require.main) {","            break;","        }","        local.assetsDict['/assets.example.js'] =","            local.assetsDict['/assets.example.js'] ||","            local.fs.readFileSync(__filename, 'utf8');","        // bug-workaround - long $npm_package_buildCustomOrg","        /* jslint-ignore-begin */","        local.assetsDict['/assets.npmtest_node_resque.rollup.js'] =","            local.assetsDict['/assets.npmtest_node_resque.rollup.js'] ||","            local.fs.readFileSync(","                local.npmtest_node_resque.__dirname + '/lib.npmtest_node_resque.js',","                'utf8'","            ).replace((/^#!/), '//');","        /* jslint-ignore-end */","        local.assetsDict['/favicon.ico'] = local.assetsDict['/favicon.ico'] || '';","        // if $npm_config_timeout_exit exists,","        // then exit this process after $npm_config_timeout_exit ms","        if (Number(process.env.npm_config_timeout_exit)) {","            setTimeout(process.exit, Number(process.env.npm_config_timeout_exit));","        }","        // start server","        if (local.global.utility2_serverHttp1) {","            break;","        }","        process.env.PORT = process.env.PORT || '8081';","        console.error('server starting on port ' + process.env.PORT);","        local.http.createServer(function (request, response) {","            request.urlParsed = local.url.parse(request.url);","            if (local.assetsDict[request.urlParsed.pathname] !== undefined) {","                response.end(local.assetsDict[request.urlParsed.pathname]);","                return;","            }","            response.statusCode = 404;","            response.end();","        }).listen(process.env.PORT);","        break;","    }","}());",""],"l":{"26":2,"28":2,"33":2,"35":2,"37":2,"38":2,"39":2,"44":1,"51":2,"55":2,"59":2,"61":2,"69":1,"70":2,"76":2,"79":2,"82":2,"83":2,"85":1,"89":2,"92":1,"93":1,"94":1,"96":1,"97":1,"100":1,"101":1,"103":1,"106":1,"108":2,"114":1,"116":1,"118":1,"123":1,"124":2,"125":2,"126":3,"127":3,"128":3,"129":3,"130":1,"133":3,"134":3,"139":3,"143":1,"144":3,"145":1,"149":1,"150":1,"158":1,"160":1,"161":1,"162":1,"164":1,"166":1,"258":1,"259":1,"271":1,"274":6,"275":6,"277":1,"279":2,"281":1,"283":2,"288":1,"289":1,"291":1,"296":1,"303":1,"306":1,"307":1,"310":1,"311":1,"313":1,"314":1,"315":1,"316":1,"317":1,"318":1,"319":1,"321":1,"322":1,"324":1}},"/home/travis/build/npmtest/node-npmtest-node-resque/node_modules/node-resque/index.js":{"path":"/home/travis/build/npmtest/node-npmtest-node-resque/node_modules/node-resque/index.js","s":{"1":1,"2":1,"3":1,"4":1,"5":1,"6":1},"b":{},"f":{},"fnMap":{},"statementMap":{"1":{"start":{"line":1,"column":0},"end":{"line":1,"column":78}},"2":{"start":{"line":2,"column":0},"end":{"line":2,"column":68}},"3":{"start":{"line":3,"column":0},"end":{"line":3,"column":70}},"4":{"start":{"line":4,"column":0},"end":{"line":4,"column":80}},"5":{"start":{"line":5,"column":0},"end":{"line":5,"column":76}},"6":{"start":{"line":6,"column":0},"end":{"line":6,"column":69}}},"branchMap":{},"code":["exports.connection     = require(__dirname + '/lib/connection.js').connection;","exports.queue          = require(__dirname + '/lib/queue.js').queue;","exports.worker         = require(__dirname + '/lib/worker.js').worker;","exports.multiWorker    = require(__dirname + '/lib/multiWorker.js').multiWorker;","exports.scheduler      = require(__dirname + '/lib/scheduler.js').scheduler;","exports.pluginRunner   = require(__dirname + '/lib/pluginRunner.js');",""],"l":{"1":1,"2":1,"3":1,"4":1,"5":1,"6":1}},"/home/travis/build/npmtest/node-npmtest-node-resque/node_modules/node-resque/lib/connection.js":{"path":"/home/travis/build/npmtest/node-npmtest-node-resque/node_modules/node-resque/lib/connection.js","s":{"1":1,"2":1,"3":1,"4":1,"5":0,"6":0,"7":0,"8":0,"9":0,"10":0,"11":0,"12":0,"13":0,"14":0,"15":1,"16":1,"17":0,"18":1,"19":0,"20":0,"21":0,"22":0,"23":0,"24":0,"25":0,"26":0,"27":0,"28":0,"29":0,"30":0,"31":0,"32":0,"33":0,"34":0,"35":0,"36":0,"37":0,"38":0,"39":0,"40":0,"41":0,"42":0,"43":0,"44":0,"45":0,"46":0,"47":0,"48":0,"49":0,"50":0,"51":0,"52":0,"53":0,"54":0,"55":0,"56":0,"57":0,"58":0,"59":1,"60":0,"61":0,"62":0,"63":0,"64":0,"65":0,"66":0,"67":0,"68":1,"69":0,"70":0,"71":0,"72":0,"73":1},"b":{"1":[0,0],"2":[0,0],"3":[0,0],"4":[0,0],"5":[0,0],"6":[0,0],"7":[0,0],"8":[0,0],"9":[0,0],"10":[0,0],"11":[0,0],"12":[0,0],"13":[0,0],"14":[0,0],"15":[0,0],"16":[0,0]},"f":{"1":0,"2":0,"3":0,"4":0,"5":0,"6":0,"7":0,"8":0,"9":0,"10":0,"11":0,"12":0,"13":0},"fnMap":{"1":{"name":"(anonymous_1)","line":5,"loc":{"start":{"line":5,"column":17},"end":{"line":5,"column":34}}},"2":{"name":"(anonymous_2)","line":22,"loc":{"start":{"line":22,"column":32},"end":{"line":22,"column":42}}},"3":{"name":"(anonymous_3)","line":32,"loc":{"start":{"line":32,"column":31},"end":{"line":32,"column":49}}},"4":{"name":"(anonymous_4)","line":39,"loc":{"start":{"line":39,"column":14},"end":{"line":39,"column":28}}},"5":{"name":"(anonymous_5)","line":43,"loc":{"start":{"line":43,"column":14},"end":{"line":43,"column":28}}},"6":{"name":"(anonymous_6)","line":44,"loc":{"start":{"line":44,"column":54},"end":{"line":44,"column":75}}},"7":{"name":"(anonymous_7)","line":66,"loc":{"start":{"line":66,"column":29},"end":{"line":66,"column":39}}},"8":{"name":"(anonymous_8)","line":70,"loc":{"start":{"line":70,"column":49},"end":{"line":70,"column":64}}},"9":{"name":"(anonymous_9)","line":87,"loc":{"start":{"line":87,"column":25},"end":{"line":87,"column":40}}},"10":{"name":"(anonymous_10)","line":90,"loc":{"start":{"line":90,"column":23},"end":{"line":90,"column":33}}},"11":{"name":"(anonymous_11)","line":94,"loc":{"start":{"line":94,"column":27},"end":{"line":94,"column":37}}},"12":{"name":"(anonymous_12)","line":98,"loc":{"start":{"line":98,"column":38},"end":{"line":98,"column":57}}},"13":{"name":"(anonymous_13)","line":109,"loc":{"start":{"line":109,"column":27},"end":{"line":109,"column":37}}}},"statementMap":{"1":{"start":{"line":1,"column":0},"end":{"line":1,"column":28}},"2":{"start":{"line":2,"column":0},"end":{"line":2,"column":29}},"3":{"start":{"line":3,"column":0},"end":{"line":3,"column":50}},"4":{"start":{"line":5,"column":0},"end":{"line":18,"column":2}},"5":{"start":{"line":6,"column":2},"end":{"line":6,"column":18}},"6":{"start":{"line":7,"column":2},"end":{"line":7,"column":33}},"7":{"start":{"line":9,"column":2},"end":{"line":9,"column":31}},"8":{"start":{"line":9,"column":16},"end":{"line":9,"column":29}},"9":{"start":{"line":10,"column":2},"end":{"line":14,"column":3}},"10":{"start":{"line":11,"column":4},"end":{"line":13,"column":5}},"11":{"start":{"line":12,"column":6},"end":{"line":12,"column":31}},"12":{"start":{"line":15,"column":2},"end":{"line":15,"column":25}},"13":{"start":{"line":16,"column":2},"end":{"line":16,"column":22}},"14":{"start":{"line":17,"column":2},"end":{"line":17,"column":25}},"15":{"start":{"line":20,"column":0},"end":{"line":20,"column":40}},"16":{"start":{"line":22,"column":0},"end":{"line":30,"column":2}},"17":{"start":{"line":23,"column":2},"end":{"line":29,"column":4}},"18":{"start":{"line":32,"column":0},"end":{"line":92,"column":2}},"19":{"start":{"line":33,"column":2},"end":{"line":33,"column":18}},"20":{"start":{"line":35,"column":2},"end":{"line":85,"column":3}},"21":{"start":{"line":36,"column":4},"end":{"line":36,"column":18}},"22":{"start":{"line":37,"column":4},"end":{"line":37,"column":36}},"23":{"start":{"line":39,"column":4},"end":{"line":41,"column":7}},"24":{"start":{"line":40,"column":6},"end":{"line":40,"column":68}},"25":{"start":{"line":43,"column":4},"end":{"line":54,"column":7}},"26":{"start":{"line":44,"column":6},"end":{"line":53,"column":9}},"27":{"start":{"line":45,"column":8},"end":{"line":45,"column":94}},"28":{"start":{"line":45,"column":39},"end":{"line":45,"column":92}},"29":{"start":{"line":46,"column":8},"end":{"line":50,"column":9}},"30":{"start":{"line":47,"column":10},"end":{"line":47,"column":33}},"31":{"start":{"line":48,"column":10},"end":{"line":48,"column":36}},"32":{"start":{"line":49,"column":10},"end":{"line":49,"column":29}},"33":{"start":{"line":51,"column":8},"end":{"line":51,"column":30}},"34":{"start":{"line":52,"column":8},"end":{"line":52,"column":15}},"35":{"start":{"line":56,"column":4},"end":{"line":56,"column":33}},"36":{"start":{"line":59,"column":4},"end":{"line":62,"column":5}},"37":{"start":{"line":60,"column":6},"end":{"line":60,"column":123}},"38":{"start":{"line":61,"column":6},"end":{"line":61,"column":49}},"39":{"start":{"line":63,"column":4},"end":{"line":63,"column":40}},"40":{"start":{"line":64,"column":4},"end":{"line":64,"column":94}},"41":{"start":{"line":66,"column":4},"end":{"line":81,"column":6}},"42":{"start":{"line":67,"column":6},"end":{"line":80,"column":7}},"43":{"start":{"line":70,"column":8},"end":{"line":79,"column":11}},"44":{"start":{"line":71,"column":10},"end":{"line":78,"column":11}},"45":{"start":{"line":72,"column":12},"end":{"line":72,"column":35}},"46":{"start":{"line":73,"column":12},"end":{"line":73,"column":38}},"47":{"start":{"line":74,"column":12},"end":{"line":74,"column":35}},"48":{"start":{"line":76,"column":12},"end":{"line":76,"column":34}},"49":{"start":{"line":77,"column":12},"end":{"line":77,"column":30}},"50":{"start":{"line":83,"column":4},"end":{"line":83,"column":53}},"51":{"start":{"line":84,"column":4},"end":{"line":84,"column":85}},"52":{"start":{"line":84,"column":42},"end":{"line":84,"column":83}},"53":{"start":{"line":87,"column":2},"end":{"line":87,"column":71}},"54":{"start":{"line":87,"column":42},"end":{"line":87,"column":68}},"55":{"start":{"line":88,"column":2},"end":{"line":88,"column":47}},"56":{"start":{"line":90,"column":2},"end":{"line":90,"column":61}},"57":{"start":{"line":90,"column":35},"end":{"line":90,"column":58}},"58":{"start":{"line":91,"column":2},"end":{"line":91,"column":43}},"59":{"start":{"line":94,"column":0},"end":{"line":107,"column":2}},"60":{"start":{"line":95,"column":2},"end":{"line":95,"column":18}},"61":{"start":{"line":96,"column":2},"end":{"line":96,"column":25}},"62":{"start":{"line":98,"column":2},"end":{"line":100,"column":5}},"63":{"start":{"line":99,"column":4},"end":{"line":99,"column":68}},"64":{"start":{"line":103,"column":2},"end":{"line":106,"column":3}},"65":{"start":{"line":104,"column":4},"end":{"line":105,"column":30}},"66":{"start":{"line":104,"column":53},"end":{"line":104,"column":77}},"67":{"start":{"line":105,"column":10},"end":{"line":105,"column":28}},"68":{"start":{"line":109,"column":0},"end":{"line":114,"column":2}},"69":{"start":{"line":110,"column":2},"end":{"line":110,"column":11}},"70":{"start":{"line":111,"column":2},"end":{"line":111,"column":68}},"71":{"start":{"line":112,"column":2},"end":{"line":112,"column":39}},"72":{"start":{"line":113,"column":2},"end":{"line":113,"column":24}},"73":{"start":{"line":116,"column":0},"end":{"line":116,"column":32}}},"branchMap":{"1":{"line":9,"type":"if","locations":[{"start":{"line":9,"column":2},"end":{"line":9,"column":2}},{"start":{"line":9,"column":2},"end":{"line":9,"column":2}}]},"2":{"line":11,"type":"if","locations":[{"start":{"line":11,"column":4},"end":{"line":11,"column":4}},{"start":{"line":11,"column":4},"end":{"line":11,"column":4}}]},"3":{"line":11,"type":"binary-expr","locations":[{"start":{"line":11,"column":7},"end":{"line":11,"column":26}},{"start":{"line":11,"column":30},"end":{"line":11,"column":54}}]},"4":{"line":35,"type":"if","locations":[{"start":{"line":35,"column":2},"end":{"line":35,"column":2}},{"start":{"line":35,"column":2},"end":{"line":35,"column":2}}]},"5":{"line":45,"type":"if","locations":[{"start":{"line":45,"column":8},"end":{"line":45,"column":8}},{"start":{"line":45,"column":8},"end":{"line":45,"column":8}}]},"6":{"line":45,"type":"binary-expr","locations":[{"start":{"line":45,"column":11},"end":{"line":45,"column":17}},{"start":{"line":45,"column":21},"end":{"line":45,"column":36}}]},"7":{"line":46,"type":"if","locations":[{"start":{"line":46,"column":8},"end":{"line":46,"column":8}},{"start":{"line":46,"column":8},"end":{"line":46,"column":8}}]},"8":{"line":59,"type":"if","locations":[{"start":{"line":59,"column":4},"end":{"line":59,"column":4}},{"start":{"line":59,"column":4},"end":{"line":59,"column":4}}]},"9":{"line":59,"type":"binary-expr","locations":[{"start":{"line":59,"column":7},"end":{"line":59,"column":30}},{"start":{"line":59,"column":34},"end":{"line":59,"column":51}}]},"10":{"line":67,"type":"if","locations":[{"start":{"line":67,"column":6},"end":{"line":67,"column":6}},{"start":{"line":67,"column":6},"end":{"line":67,"column":6}}]},"11":{"line":71,"type":"if","locations":[{"start":{"line":71,"column":10},"end":{"line":71,"column":10}},{"start":{"line":71,"column":10},"end":{"line":71,"column":10}}]},"12":{"line":84,"type":"if","locations":[{"start":{"line":84,"column":4},"end":{"line":84,"column":4}},{"start":{"line":84,"column":4},"end":{"line":84,"column":4}}]},"13":{"line":103,"type":"if","locations":[{"start":{"line":103,"column":2},"end":{"line":103,"column":2}},{"start":{"line":103,"column":2},"end":{"line":103,"column":2}}]},"14":{"line":103,"type":"binary-expr","locations":[{"start":{"line":103,"column":5},"end":{"line":103,"column":24}},{"start":{"line":103,"column":28},"end":{"line":103,"column":60}}]},"15":{"line":104,"type":"if","locations":[{"start":{"line":104,"column":4},"end":{"line":104,"column":4}},{"start":{"line":104,"column":4},"end":{"line":104,"column":4}}]},"16":{"line":111,"type":"cond-expr","locations":[{"start":{"line":111,"column":34},"end":{"line":111,"column":61}},{"start":{"line":111,"column":64},"end":{"line":111,"column":66}}]}},"code":["var util  = require('util');","var async = require('async');","var EventEmitter = require('events').EventEmitter;","","var connection = function(options){","  var self = this;","  var defaults = self.defaults();","","  if(!options){ options = {}; }","  for(var i in defaults){","    if(options[i] === null || options[i] === undefined){","      options[i] = defaults[i];","    }","  }","  self.options = options;","  self.listeners = {};","  self.connected = false;","};","","util.inherits(connection, EventEmitter);","","connection.prototype.defaults = function(){","  return {","    pkg:       'ioredis',","    host:      '127.0.0.1',","    port:      6379,","    database:  0,","    namespace: 'resque',","  };","};","","connection.prototype.connect = function(callback){","  var self = this;","","  if(self.options.redis){","    var jobs = [];","    self.redis = self.options.redis;","","    jobs.push(function(done){","      self.redis.set(self.key('connection_test_key'), 'true', done);","    });","","    jobs.push(function(done){","      self.redis.get(self.key('connection_test_key'), function(error, data){","        if(!error && data !== 'true'){ error = new Error('cannot read connection test key'); }","        if(error){","          self.connected = false;","          self.emit('error', error);","          return done(error);","        }","        self.connected = true;","        done();","      });","    });","","    async.series(jobs, callback);","  }else{","","    if(self.options['package'] && !self.options.pkg){","      self.emit('Depreciation warning: You need to use \\'pkg\\' instead of \\'package\\'! Please update your configuration.');","      self.options.pkg = self.options['package'];","    }","    var pkg = require(self.options.pkg);","    self.redis = pkg.createClient(self.options.port, self.options.host, self.options.options);","","    self.listeners.connect = function(){","      if(self.connected === true){","        // nothing to do here; this is a reconnect","      }else{","        self.redis.select(self.options.database, function(error){","          if(error){","            self.connected = false;","            self.emit('error', error);","            return callback(error);","          }else{","            self.connected = true;","            return callback();","          }","        });","      }","    };","","    self.redis.on('connect', self.listeners.connect);","    if(self.options.pkg === 'fakeredis'){ process.nextTick(self.listeners.connect); }","  }","","  self.listeners.error = function(error){ self.emit('error', error); };","  self.redis.on('error', self.listeners.error);","","  self.listeners.end = function(){ self.connected = false; };","  self.redis.on('end', self.listeners.end);","};","","connection.prototype.end = function(){","  var self = this;","  self.connected = false;","","  Object.keys(self.listeners).forEach(function(eventName){","    self.redis.removeListener(eventName, self.listeners[eventName]);","  });","","  // Only disconnect if we established the redis connection on our own.","  if(!self.options.redis && self.options.pkg !== 'fakeredis'){","    if(typeof self.redis.disconnect === 'function'){ self.redis.disconnect(); }","    else{ self.redis.quit(); }","  }","};","","connection.prototype.key = function(){","  var args;","  args = (arguments.length >= 1 ? [].slice.call(arguments, 0) : []);","  args.unshift(this.options.namespace);","  return args.join(':');","};","","exports.connection = connection;",""],"l":{"1":1,"2":1,"3":1,"5":1,"6":0,"7":0,"9":0,"10":0,"11":0,"12":0,"15":0,"16":0,"17":0,"20":1,"22":1,"23":0,"32":1,"33":0,"35":0,"36":0,"37":0,"39":0,"40":0,"43":0,"44":0,"45":0,"46":0,"47":0,"48":0,"49":0,"51":0,"52":0,"56":0,"59":0,"60":0,"61":0,"63":0,"64":0,"66":0,"67":0,"70":0,"71":0,"72":0,"73":0,"74":0,"76":0,"77":0,"83":0,"84":0,"87":0,"88":0,"90":0,"91":0,"94":1,"95":0,"96":0,"98":0,"99":0,"103":0,"104":0,"105":0,"109":1,"110":0,"111":0,"112":0,"113":0,"116":1}},"/home/travis/build/npmtest/node-npmtest-node-resque/node_modules/node-resque/lib/queue.js":{"path":"/home/travis/build/npmtest/node-npmtest-node-resque/node_modules/node-resque/lib/queue.js","s":{"1":1,"2":1,"3":1,"4":1,"5":1,"6":1,"7":0,"8":0,"9":0,"10":0,"11":0,"12":0,"13":0,"14":0,"15":1,"16":1,"17":0,"18":0,"19":1,"20":0,"21":0,"22":0,"23":1,"24":0,"25":1,"26":0,"27":0,"28":0,"29":0,"30":0,"31":0,"32":0,"33":0,"34":0,"35":0,"36":0,"37":0,"38":0,"39":0,"40":0,"41":0,"42":0,"43":0,"44":0,"45":0,"46":0,"47":1,"48":0,"49":0,"50":0,"51":0,"52":0,"53":0,"54":0,"55":0,"56":0,"57":0,"58":0,"59":0,"60":0,"61":0,"62":0,"63":0,"64":0,"65":0,"66":0,"67":0,"68":0,"69":0,"70":0,"71":0,"72":1,"73":0,"74":0,"75":0,"76":0,"77":0,"78":0,"79":0,"80":0,"81":0,"82":1,"83":0,"84":0,"85":1,"86":0,"87":0,"88":0,"89":0,"90":0,"91":1,"92":0,"93":0,"94":1,"95":0,"96":0,"97":0,"98":0,"99":0,"100":0,"101":0,"102":0,"103":0,"104":0,"105":0,"106":0,"107":0,"108":0,"109":1,"110":0,"111":0,"112":0,"113":0,"114":0,"115":0,"116":0,"117":0,"118":0,"119":0,"120":0,"121":0,"122":0,"123":0,"124":0,"125":0,"126":0,"127":0,"128":0,"129":0,"130":0,"131":0,"132":0,"133":0,"134":0,"135":1,"136":0,"137":0,"138":0,"139":0,"140":0,"141":0,"142":0,"143":0,"144":0,"145":0,"146":0,"147":0,"148":0,"149":0,"150":1,"151":0,"152":0,"153":0,"154":0,"155":0,"156":0,"157":0,"158":0,"159":1,"160":0,"161":0,"162":0,"163":0,"164":0,"165":0,"166":1,"167":0,"168":0,"169":0,"170":0,"171":0,"172":1,"173":0,"174":0,"175":0,"176":0,"177":0,"178":0,"179":0,"180":0,"181":0,"182":0,"183":0,"184":0,"185":0,"186":0,"187":0,"188":1,"189":0,"190":0,"191":0,"192":0,"193":0,"194":0,"195":0,"196":0,"197":0,"198":0,"199":0,"200":0,"201":0,"202":0,"203":0,"204":0,"205":0,"206":0,"207":0,"208":0,"209":0,"210":0,"211":0,"212":0,"213":0,"214":0,"215":0,"216":0,"217":0,"218":1,"219":0,"220":0,"221":1,"222":0,"223":0,"224":0,"225":0,"226":0,"227":0,"228":0,"229":0,"230":0,"231":0,"232":0,"233":0,"234":0,"235":0,"236":0,"237":0,"238":0,"239":0,"240":0,"241":1,"242":0,"243":0,"244":0,"245":1,"246":0,"247":0,"248":0,"249":0,"250":0,"251":0,"252":0,"253":0,"254":0,"255":0,"256":0,"257":0,"258":0,"259":0,"260":0,"261":0,"262":0,"263":0,"264":1,"265":0,"266":0,"267":0,"268":0,"269":0,"270":0,"271":0,"272":0,"273":0,"274":0,"275":0,"276":0,"277":0,"278":0,"279":0,"280":0,"281":0,"282":0,"283":0,"284":0,"285":0,"286":0,"287":0,"288":0,"289":0,"290":0,"291":0,"292":0,"293":0,"294":0,"295":0,"296":1,"297":0,"298":0,"299":0,"300":0,"301":0,"302":0,"303":0,"304":0,"305":0,"306":0,"307":0,"308":0,"309":0,"310":0,"311":0,"312":0,"313":1,"314":0,"315":0,"316":1,"317":0,"318":0,"319":0,"320":0,"321":0,"322":1,"323":0,"324":0,"325":1,"326":0,"327":0,"328":0,"329":0,"330":0,"331":0,"332":0,"333":1,"334":0,"335":0,"336":0,"337":0,"338":0,"339":0,"340":0,"341":0,"342":0,"343":0,"344":0,"345":0,"346":0,"347":0,"348":0,"349":1,"350":0,"351":0,"352":0,"353":1},"b":{"1":[0,0],"2":[0,0],"3":[0,0],"4":[0,0],"5":[0,0],"6":[0,0],"7":[0,0],"8":[0,0],"9":[0,0],"10":[0,0],"11":[0,0],"12":[0,0],"13":[0,0],"14":[0,0],"15":[0,0],"16":[0,0],"17":[0,0],"18":[0,0],"19":[0,0],"20":[0,0],"21":[0,0],"22":[0,0],"23":[0,0],"24":[0,0],"25":[0,0],"26":[0,0],"27":[0,0],"28":[0,0],"29":[0,0],"30":[0,0],"31":[0,0],"32":[0,0],"33":[0,0],"34":[0,0],"35":[0,0],"36":[0,0],"37":[0,0],"38":[0,0],"39":[0,0],"40":[0,0],"41":[0,0],"42":[0,0],"43":[0,0],"44":[0,0],"45":[0,0],"46":[0,0],"47":[0,0],"48":[0,0],"49":[0,0],"50":[0,0],"51":[0,0],"52":[0,0],"53":[0,0],"54":[0,0],"55":[0,0],"56":[0,0],"57":[0,0],"58":[0,0]},"f":{"1":0,"2":0,"3":0,"4":0,"5":0,"6":0,"7":0,"8":0,"9":0,"10":0,"11":0,"12":0,"13":0,"14":0,"15":0,"16":0,"17":0,"18":0,"19":0,"20":0,"21":0,"22":0,"23":0,"24":0,"25":0,"26":0,"27":0,"28":0,"29":0,"30":0,"31":0,"32":0,"33":0,"34":0,"35":0,"36":0,"37":0,"38":0,"39":0,"40":0,"41":0,"42":0,"43":0,"44":0,"45":0,"46":0,"47":0,"48":0,"49":0,"50":0,"51":0,"52":0,"53":0,"54":0,"55":0,"56":0,"57":0,"58":0,"59":0,"60":0,"61":0,"62":0,"63":0,"64":0,"65":0,"66":0,"67":0,"68":0,"69":0,"70":0,"71":0,"72":0,"73":0,"74":0,"75":0,"76":0,"77":0,"78":0,"79":0,"80":0,"81":0,"82":0,"83":0,"84":0,"85":0,"86":0,"87":0,"88":0,"89":0,"90":0,"91":0,"92":0},"fnMap":{"1":{"name":"(anonymous_1)","line":7,"loc":{"start":{"line":7,"column":12},"end":{"line":7,"column":35}}},"2":{"name":"(anonymous_2)","line":16,"loc":{"start":{"line":16,"column":30},"end":{"line":16,"column":45}}},"3":{"name":"(anonymous_3)","line":23,"loc":{"start":{"line":23,"column":26},"end":{"line":23,"column":44}}},"4":{"name":"(anonymous_4)","line":28,"loc":{"start":{"line":28,"column":22},"end":{"line":28,"column":40}}},"5":{"name":"(anonymous_5)","line":34,"loc":{"start":{"line":34,"column":25},"end":{"line":34,"column":48}}},"6":{"name":"(anonymous_6)","line":42,"loc":{"start":{"line":42,"column":26},"end":{"line":42,"column":59}}},"7":{"name":"(anonymous_7)","line":55,"loc":{"start":{"line":55,"column":70},"end":{"line":55,"column":92}}},"8":{"name":"(anonymous_8)","line":59,"loc":{"start":{"line":59,"column":14},"end":{"line":59,"column":28}}},"9":{"name":"(anonymous_9)","line":63,"loc":{"start":{"line":63,"column":14},"end":{"line":63,"column":28}}},"10":{"name":"(anonymous_10)","line":67,"loc":{"start":{"line":67,"column":14},"end":{"line":67,"column":28}}},"11":{"name":"(anonymous_11)","line":75,"loc":{"start":{"line":75,"column":28},"end":{"line":75,"column":72}}},"12":{"name":"(anonymous_12)","line":91,"loc":{"start":{"line":91,"column":12},"end":{"line":91,"column":26}}},"13":{"name":"(anonymous_13)","line":94,"loc":{"start":{"line":94,"column":78},"end":{"line":94,"column":102}}},"14":{"name":"(anonymous_14)","line":105,"loc":{"start":{"line":105,"column":12},"end":{"line":105,"column":26}}},"15":{"name":"(anonymous_15)","line":110,"loc":{"start":{"line":110,"column":12},"end":{"line":110,"column":26}}},"16":{"name":"(anonymous_16)","line":115,"loc":{"start":{"line":115,"column":12},"end":{"line":115,"column":26}}},"17":{"name":"(anonymous_17)","line":122,"loc":{"start":{"line":122,"column":28},"end":{"line":122,"column":67}}},"18":{"name":"(anonymous_18)","line":137,"loc":{"start":{"line":137,"column":25},"end":{"line":137,"column":43}}},"19":{"name":"(anonymous_19)","line":142,"loc":{"start":{"line":142,"column":27},"end":{"line":142,"column":48}}},"20":{"name":"(anonymous_20)","line":144,"loc":{"start":{"line":144,"column":61},"end":{"line":144,"column":76}}},"21":{"name":"(anonymous_21)","line":150,"loc":{"start":{"line":150,"column":25},"end":{"line":150,"column":46}}},"22":{"name":"(anonymous_22)","line":155,"loc":{"start":{"line":155,"column":22},"end":{"line":155,"column":62}}},"23":{"name":"(anonymous_23)","line":176,"loc":{"start":{"line":176,"column":29},"end":{"line":176,"column":62}}},"24":{"name":"(anonymous_24)","line":191,"loc":{"start":{"line":191,"column":78},"end":{"line":191,"column":102}}},"25":{"name":"(anonymous_25)","line":194,"loc":{"start":{"line":194,"column":20},"end":{"line":194,"column":33}}},"26":{"name":"(anonymous_26)","line":195,"loc":{"start":{"line":195,"column":16},"end":{"line":195,"column":30}}},"27":{"name":"(anonymous_27)","line":196,"loc":{"start":{"line":196,"column":72},"end":{"line":196,"column":94}}},"28":{"name":"(anonymous_28)","line":208,"loc":{"start":{"line":208,"column":23},"end":{"line":208,"column":38}}},"29":{"name":"(anonymous_29)","line":214,"loc":{"start":{"line":214,"column":30},"end":{"line":214,"column":63}}},"30":{"name":"(anonymous_30)","line":227,"loc":{"start":{"line":227,"column":78},"end":{"line":227,"column":102}}},"31":{"name":"(anonymous_31)","line":229,"loc":{"start":{"line":229,"column":22},"end":{"line":229,"column":35}}},"32":{"name":"(anonymous_32)","line":238,"loc":{"start":{"line":238,"column":29},"end":{"line":238,"column":47}}},"33":{"name":"(anonymous_33)","line":241,"loc":{"start":{"line":241,"column":63},"end":{"line":241,"column":90}}},"34":{"name":"(anonymous_34)","line":242,"loc":{"start":{"line":242,"column":23},"end":{"line":242,"column":42}}},"35":{"name":"(anonymous_35)","line":251,"loc":{"start":{"line":251,"column":28},"end":{"line":251,"column":57}}},"36":{"name":"(anonymous_36)","line":254,"loc":{"start":{"line":254,"column":84},"end":{"line":254,"column":106}}},"37":{"name":"(anonymous_37)","line":255,"loc":{"start":{"line":255,"column":26},"end":{"line":255,"column":37}}},"38":{"name":"(anonymous_38)","line":260,"loc":{"start":{"line":260,"column":25},"end":{"line":260,"column":59}}},"39":{"name":"(anonymous_39)","line":262,"loc":{"start":{"line":262,"column":77},"end":{"line":262,"column":99}}},"40":{"name":"(anonymous_40)","line":263,"loc":{"start":{"line":263,"column":26},"end":{"line":263,"column":37}}},"41":{"name":"(anonymous_41)","line":268,"loc":{"start":{"line":268,"column":29},"end":{"line":268,"column":47}}},"42":{"name":"(anonymous_42)","line":273,"loc":{"start":{"line":273,"column":18},"end":{"line":273,"column":45}}},"43":{"name":"(anonymous_43)","line":276,"loc":{"start":{"line":276,"column":23},"end":{"line":276,"column":42}}},"44":{"name":"(anonymous_44)","line":277,"loc":{"start":{"line":277,"column":16},"end":{"line":277,"column":30}}},"45":{"name":"(anonymous_45)","line":278,"loc":{"start":{"line":278,"column":34},"end":{"line":278,"column":68}}},"46":{"name":"(anonymous_46)","line":286,"loc":{"start":{"line":286,"column":23},"end":{"line":286,"column":38}}},"47":{"name":"(anonymous_47)","line":292,"loc":{"start":{"line":292,"column":24},"end":{"line":292,"column":42}}},"48":{"name":"(anonymous_48)","line":298,"loc":{"start":{"line":298,"column":12},"end":{"line":298,"column":26}}},"49":{"name":"(anonymous_49)","line":299,"loc":{"start":{"line":299,"column":62},"end":{"line":299,"column":84}}},"50":{"name":"(anonymous_50)","line":306,"loc":{"start":{"line":306,"column":12},"end":{"line":306,"column":26}}},"51":{"name":"(anonymous_51)","line":307,"loc":{"start":{"line":307,"column":69},"end":{"line":307,"column":91}}},"52":{"name":"(anonymous_52)","line":314,"loc":{"start":{"line":314,"column":23},"end":{"line":314,"column":38}}},"53":{"name":"(anonymous_53)","line":318,"loc":{"start":{"line":318,"column":37},"end":{"line":318,"column":60}}},"54":{"name":"(anonymous_54)","line":332,"loc":{"start":{"line":332,"column":26},"end":{"line":332,"column":49}}},"55":{"name":"(anonymous_55)","line":337,"loc":{"start":{"line":337,"column":26},"end":{"line":337,"column":44}}},"56":{"name":"(anonymous_56)","line":340,"loc":{"start":{"line":340,"column":65},"end":{"line":340,"column":89}}},"57":{"name":"(anonymous_57)","line":342,"loc":{"start":{"line":342,"column":22},"end":{"line":342,"column":33}}},"58":{"name":"(anonymous_58)","line":366,"loc":{"start":{"line":366,"column":28},"end":{"line":366,"column":66}}},"59":{"name":"(anonymous_59)","line":372,"loc":{"start":{"line":372,"column":31},"end":{"line":372,"column":49}}},"60":{"name":"(anonymous_60)","line":377,"loc":{"start":{"line":377,"column":15},"end":{"line":377,"column":39}}},"61":{"name":"(anonymous_61)","line":380,"loc":{"start":{"line":380,"column":33},"end":{"line":380,"column":44}}},"62":{"name":"(anonymous_62)","line":381,"loc":{"start":{"line":381,"column":16},"end":{"line":381,"column":30}}},"63":{"name":"(anonymous_63)","line":383,"loc":{"start":{"line":383,"column":38},"end":{"line":383,"column":59}}},"64":{"name":"(anonymous_64)","line":394,"loc":{"start":{"line":394,"column":23},"end":{"line":394,"column":38}}},"65":{"name":"(anonymous_65)","line":400,"loc":{"start":{"line":400,"column":35},"end":{"line":400,"column":65}}},"66":{"name":"(anonymous_66)","line":405,"loc":{"start":{"line":405,"column":15},"end":{"line":405,"column":39}}},"67":{"name":"(anonymous_67)","line":410,"loc":{"start":{"line":410,"column":39},"end":{"line":410,"column":65}}},"68":{"name":"(anonymous_68)","line":424,"loc":{"start":{"line":424,"column":18},"end":{"line":424,"column":32}}},"69":{"name":"(anonymous_69)","line":428,"loc":{"start":{"line":428,"column":18},"end":{"line":428,"column":32}}},"70":{"name":"(anonymous_70)","line":432,"loc":{"start":{"line":432,"column":18},"end":{"line":432,"column":32}}},"71":{"name":"(anonymous_71)","line":437,"loc":{"start":{"line":437,"column":16},"end":{"line":437,"column":30}}},"72":{"name":"(anonymous_72)","line":441,"loc":{"start":{"line":441,"column":16},"end":{"line":441,"column":30}}},"73":{"name":"(anonymous_73)","line":445,"loc":{"start":{"line":445,"column":16},"end":{"line":445,"column":30}}},"74":{"name":"(anonymous_74)","line":449,"loc":{"start":{"line":449,"column":16},"end":{"line":449,"column":30}}},"75":{"name":"(anonymous_75)","line":453,"loc":{"start":{"line":453,"column":25},"end":{"line":453,"column":40}}},"76":{"name":"(anonymous_76)","line":460,"loc":{"start":{"line":460,"column":34},"end":{"line":460,"column":57}}},"77":{"name":"(anonymous_77)","line":468,"loc":{"start":{"line":468,"column":20},"end":{"line":468,"column":41}}},"78":{"name":"(anonymous_78)","line":471,"loc":{"start":{"line":471,"column":30},"end":{"line":471,"column":50}}},"79":{"name":"(anonymous_79)","line":472,"loc":{"start":{"line":472,"column":16},"end":{"line":472,"column":30}}},"80":{"name":"(anonymous_80)","line":474,"loc":{"start":{"line":474,"column":44},"end":{"line":474,"column":73}}},"81":{"name":"(anonymous_81)","line":484,"loc":{"start":{"line":484,"column":23},"end":{"line":484,"column":38}}},"82":{"name":"(anonymous_82)","line":490,"loc":{"start":{"line":490,"column":30},"end":{"line":490,"column":48}}},"83":{"name":"(anonymous_83)","line":495,"loc":{"start":{"line":495,"column":25},"end":{"line":495,"column":56}}},"84":{"name":"(anonymous_84)","line":497,"loc":{"start":{"line":497,"column":75},"end":{"line":497,"column":96}}},"85":{"name":"(anonymous_85)","line":498,"loc":{"start":{"line":498,"column":27},"end":{"line":498,"column":38}}},"86":{"name":"(anonymous_86)","line":503,"loc":{"start":{"line":503,"column":31},"end":{"line":503,"column":60}}},"87":{"name":"(anonymous_87)","line":508,"loc":{"start":{"line":508,"column":39},"end":{"line":508,"column":68}}},"88":{"name":"(anonymous_88)","line":510,"loc":{"start":{"line":510,"column":31},"end":{"line":510,"column":59}}},"89":{"name":"(anonymous_89)","line":517,"loc":{"start":{"line":517,"column":24},"end":{"line":517,"column":42}}},"90":{"name":"(anonymous_90)","line":519,"loc":{"start":{"line":519,"column":60},"end":{"line":519,"column":81}}},"91":{"name":"(anonymous_91)","line":523,"loc":{"start":{"line":523,"column":37},"end":{"line":523,"column":60}}},"92":{"name":"(anonymous_92)","line":542,"loc":{"start":{"line":542,"colum
[...]
9}},"107":{"start":{"line":156,"column":10},"end":{"line":158,"column":13}},"108":{"start":{"line":157,"column":12},"end":{"line":157,"column":41}},"109":{"start":{"line":160,"column":10},"end":{"line":160,"column":39}},"110":{"start":{"line":167,"column":0},"end":{"line":183,"column":2}},"111":{"start":{"line":168,"column":2},"end":{"line":168,"column":18}},"112":{"start":{"line":169,"column":2},"end":{"line":182,"column":3}},"113":{"start":{"line":170,"column":4},"end":{"line":179,"column":7}},"114":{"start":{"line":171,"column":6},"end":{"line":178,"column":7}},"115":{"start":{"line":171,"column":17},"end":{"line":171,"column":40}},"116":{"start":{"line":172,"column":11},"end":{"line":178,"column":7}},"117":{"start":{"line":172,"column":26},"end":{"line":172,"column":55}},"118":{"start":{"line":174,"column":8},"end":{"line":177,"column":11}},"119":{"start":{"line":175,"column":10},"end":{"line":175,"column":30}},"120":{"start":{"line":176,"column":10},"end":{"line":176,"column":49}},"121":{"start":{"line":181,"column":4},"end":{"line":181,"column":22}},"122":{"start":{"line":185,"column":0},"end":{"line":195,"column":2}},"123":{"start":{"line":186,"column":2},"end":{"line":186,"column":18}},"124":{"start":{"line":187,"column":2},"end":{"line":187,"column":53}},"125":{"start":{"line":188,"column":2},"end":{"line":194,"column":5}},"126":{"start":{"line":189,"column":4},"end":{"line":193,"column":5}},"127":{"start":{"line":190,"column":6},"end":{"line":190,"column":29}},"128":{"start":{"line":192,"column":6},"end":{"line":192,"column":38}},"129":{"start":{"line":197,"column":0},"end":{"line":208,"column":2}},"130":{"start":{"line":198,"column":2},"end":{"line":198,"column":18}},"131":{"start":{"line":199,"column":2},"end":{"line":207,"column":5}},"132":{"start":{"line":200,"column":4},"end":{"line":206,"column":5}},"133":{"start":{"line":201,"column":6},"end":{"line":203,"column":9}},"134":{"start":{"line":202,"column":8},"end":{"line":202,"column":66}},"135":{"start":{"line":205,"column":6},"end":{"line":205,"column":29}},"136":{"start":{"line":210,"column":0},"end":{"line":228,"column":2}},"137":{"start":{"line":211,"column":2},"end":{"line":211,"column":18}},"138":{"start":{"line":212,"column":2},"end":{"line":212,"column":56}},"139":{"start":{"line":213,"column":2},"end":{"line":227,"column":5}},"140":{"start":{"line":214,"column":4},"end":{"line":226,"column":5}},"141":{"start":{"line":215,"column":6},"end":{"line":215,"column":29}},"142":{"start":{"line":217,"column":6},"end":{"line":225,"column":9}},"143":{"start":{"line":218,"column":8},"end":{"line":224,"column":11}},"144":{"start":{"line":219,"column":10},"end":{"line":223,"column":11}},"145":{"start":{"line":220,"column":12},"end":{"line":220,"column":35}},"146":{"start":{"line":222,"column":12},"end":{"line":222,"column":51}},"147":{"start":{"line":230,"column":0},"end":{"line":237,"column":2}},"148":{"start":{"line":231,"column":2},"end":{"line":231,"column":18}},"149":{"start":{"line":232,"column":2},"end":{"line":236,"column":5}},"150":{"start":{"line":233,"column":4},"end":{"line":233,"column":43}},"151":{"start":{"line":233,"column":15},"end":{"line":233,"column":41}},"152":{"start":{"line":234,"column":4},"end":{"line":234,"column":49}},"153":{"start":{"line":235,"column":4},"end":{"line":235,"column":22}},"154":{"start":{"line":239,"column":0},"end":{"line":254,"column":2}},"155":{"start":{"line":240,"column":2},"end":{"line":240,"column":18}},"156":{"start":{"line":241,"column":2},"end":{"line":241,"column":56}},"157":{"start":{"line":242,"column":2},"end":{"line":253,"column":5}},"158":{"start":{"line":243,"column":4},"end":{"line":243,"column":40}},"159":{"start":{"line":243,"column":15},"end":{"line":243,"column":38}},"160":{"start":{"line":244,"column":4},"end":{"line":252,"column":30}},"161":{"start":{"line":245,"column":6},"end":{"line":250,"column":9}},"162":{"start":{"line":246,"column":8},"end":{"line":246,"column":44}},"163":{"start":{"line":246,"column":19},"end":{"line":246,"column":42}},"164":{"start":{"line":247,"column":8},"end":{"line":249,"column":11}},"165":{"start":{"line":248,"column":10},"end":{"line":248,"column":33}},"166":{"start":{"line":252,"column":10},"end":{"line":252,"column":28}},"167":{"start":{"line":256,"column":0},"end":{"line":256,"column":30}}},"branchMap":{"1":{"line":12,"type":"if","locations":[{"start":{"line":12,"column":2},"end":{"line":12,"column":2}},{"start":{"line":12,"column":2},"end":{"line":12,"column":2}}]},"2":{"line":16,"type":"if","locations":[{"start":{"line":16,"column":4},"end":{"line":16,"column":4}},{"start":{"line":16,"column":4},"end":{"line":16,"column":4}}]},"3":{"line":16,"type":"binary-expr","locations":[{"start":{"line":16,"column":7},"end":{"line":16,"column":26}},{"start":{"line":16,"column":30},"end":{"line":16,"column":54}}]},"4":{"line":49,"type":"if","locations":[{"start":{"line":49,"column":4},"end":{"line":49,"column":4}},{"start":{"line":49,"column":4},"end":{"line":49,"column":4}}]},"5":{"line":57,"type":"if","locations":[{"start":{"line":57,"column":2},"end":{"line":57,"column":2}},{"start":{"line":57,"column":2},"end":{"line":57,"column":2}}]},"6":{"line":71,"type":"if","locations":[{"start":{"line":71,"column":2},"end":{"line":71,"column":2}},{"start":{"line":71,"column":2},"end":{"line":71,"column":2}}]},"7":{"line":73,"type":"if","locations":[{"start":{"line":73,"column":6},"end":{"line":73,"column":6}},{"start":{"line":73,"column":6},"end":{"line":73,"column":6}}]},"8":{"line":77,"type":"if","locations":[{"start":{"line":77,"column":10},"end":{"line":77,"column":10}},{"start":{"line":77,"column":10},"end":{"line":77,"column":10}}]},"9":{"line":95,"type":"if","locations":[{"start":{"line":95,"column":4},"end":{"line":95,"column":4}},{"start":{"line":95,"column":4},"end":{"line":95,"column":4}}]},"10":{"line":96,"type":"if","locations":[{"start":{"line":96,"column":4},"end":{"line":96,"column":4}},{"start":{"line":96,"column":4},"end":{"line":96,"column":4}}]},"11":{"line":97,"type":"if","locations":[{"start":{"line":97,"column":6},"end":{"line":97,"column":6}},{"start":{"line":97,"column":6},"end":{"line":97,"column":6}}]},"12":{"line":103,"type":"if","locations":[{"start":{"line":103,"column":8},"end":{"line":103,"column":8}},{"start":{"line":103,"column":8},"end":{"line":103,"column":8}}]},"13":{"line":103,"type":"binary-expr","locations":[{"start":{"line":103,"column":11},"end":{"line":103,"column":17}},{"start":{"line":103,"column":21},"end":{"line":103,"column":30}}]},"14":{"line":106,"type":"if","locations":[{"start":{"line":106,"column":12},"end":{"line":106,"column":12}},{"start":{"line":106,"column":12},"end":{"line":106,"column":12}}]},"15":{"line":110,"type":"if","locations":[{"start":{"line":110,"column":10},"end":{"line":110,"column":10}},{"start":{"line":110,"column":10},"end":{"line":110,"column":10}}]},"16":{"line":113,"type":"if","locations":[{"start":{"line":113,"column":10},"end":{"line":113,"column":10}},{"start":{"line":113,"column":10},"end":{"line":113,"column":10}}]},"17":{"line":120,"type":"if","locations":[{"start":{"line":120,"column":6},"end":{"line":120,"column":6}},{"start":{"line":120,"column":6},"end":{"line":120,"column":6}}]},"18":{"line":127,"type":"if","locations":[{"start":{"line":127,"column":2},"end":{"line":127,"column":2}},{"start":{"line":127,"column":2},"end":{"line":127,"column":2}}]},"19":{"line":142,"type":"if","locations":[{"start":{"line":142,"column":2},"end":{"line":142,"column":2}},{"start":{"line":142,"column":2},"end":{"line":142,"column":2}}]},"20":{"line":142,"type":"binary-expr","locations":[{"start":{"line":142,"column":5},"end":{"line":142,"column":21}},{"start":{"line":142,"column":25},"end":{"line":142,"column":47}}]},"21":{"line":147,"type":"if","locations":[{"start":{"line":147,"column":4},"end":{"line":147,"column":4}},{"start":{"line":147,"column":4},"end":{"line":147,"column":4}}]},"22":{"line":148,"type":"if","locations":[{"start":{"line":148,"column":9},"end":{"line":148,"column":9}},{"start":{"line":148,"column":9},"end":{"line":148,"column":9}}]},"23":{"line":148,"type":"binary-expr","locations":[{"start":{"line":148,"column":12},"end":{"line":148,"column":27}},{"start":{"line":148,"column":31},"end":{"line":148,"column":43}}]},"24":{"line":154,"type":"if","locations":[{"start":{"line":154,"column":8},"end":{"line":154,"column":8}},{"start":{"line":154,"column":8},"end":{"line":154,"column":8}}]},"25":{"line":155,"type":"if","locations":[{"start":{"line":155,"column":13},"end":{"line":155,"column":13}},{"start":{"line":155,"column":13},"end":{"line":155,"column":13}}]},"26":{"line":169,"type":"if","locations":[{"start":{"line":169,"column":2},"end":{"line":169,"column":2}},{"start":{"line":169,"column":2},"end":{"line":169,"column":2}}]},"27":{"line":171,"type":"if","locations":[{"start":{"line":171,"column":6},"end":{"line":171,"column":6}},{"start":{"line":171,"column":6},"end":{"line":171,"column":6}}]},"28":{"line":172,"type":"if","locations":[{"start":{"line":172,"column":11},"end":{"line":172,"column":11}},{"start":{"line":172,"column":11},"end":{"line":172,"column":11}}]},"29":{"line":189,"type":"if","locations":[{"start":{"line":189,"column":4},"end":{"line":189,"column":4}},{"start":{"line":189,"column":4},"end":{"line":189,"column":4}}]},"30":{"line":189,"type":"binary-expr","locations":[{"start":{"line":189,"column":7},"end":{"line":189,"column":12}},{"start":{"line":189,"column":16},"end":{"line":189,"column":30}},{"start":{"line":189,"column":34},"end":{"line":189,"column":52}}]},"31":{"line":200,"type":"if","locations":[{"start":{"line":200,"column":4},"end":{"line":200,"column":4}},{"start":{"line":200,"column":4},"end":{"line":200,"column":4}}]},"32":{"line":200,"type":"binary-expr","locations":[{"start":{"line":200,"column":7},"end":{"line":200,"column":13}},{"start":{"line":200,"column":17},"end":{"line":200,"column":20}}]},"33":{"line":214,"type":"if","locations":[{"start":{"line":214,"column":4},"end":{"line":214,"column":4}},{"start":{"line":214,"column":4},"end":{"line":214,"column":4}}]},"34":{"line":219,"type":"if","locations":[{"start":{"line":219,"column":10},"end":{"line":219,"column":10}},{"start":{"line":219,"column":10},"end":{"line":219,"column":10}}]},"35":{"line":233,"type":"if","locations":[{"start":{"line":233,"column":4},"end":{"line":233,"column":4}},{"start":{"line":233,"column":4},"end":{"line":233,"column":4}}]},"36":{"line":243,"type":"if","locations":[{"start":{"line":243,"column":4},"end":{"line":243,"column":4}},{"start":{"line":243,"column":4},"end":{"line":243,"column":4}}]},"37":{"line":244,"type":"if","locations":[{"start":{"line":244,"column":4},"end":{"line":244,"column":4}},{"start":{"line":244,"column":4},"end":{"line":244,"column":4}}]},"38":{"line":246,"type":"if","locations":[{"start":{"line":246,"column":8},"end":{"line":246,"column":8}},{"start":{"line":246,"column":8},"end":{"line":246,"column":8}}]}},"code":["// To read notes about the master locking scheme, check out:","//   https://github.com/resque/resque-scheduler/blob/master/lib/resque/scheduler/locking.rb","","var EventEmitter = require('events').EventEmitter;","var util         = require('util');","var os           = require('os');","var connection   = require(__dirname + '/connection.js').connection;","var queue        = require(__dirname + '/queue.js').queue;","","var scheduler = function(options, jobs){","  var self = this;","  if(!jobs){ jobs = {}; }","  var defaults = self.defaults();","","  for(var i in defaults){","    if(options[i] === null || options[i] === undefined){","      options[i] = defaults[i];","    }","  }","","  self.options    = options;","  self.name       = self.options.name;","  self.master     = false;","  self.running    = false;","  self.processing = false;","","  self.queue = new queue({connection: options.connection}, jobs);","","  self.queue.on('error', function(error){","    self.emit('error', error);","  });","};","","util.inherits(scheduler, EventEmitter);","","scheduler.prototype.defaults = function(){","  var self = this;","  return {","    timeout:           5000,   // in ms","    masterLockTimeout: 60 * 3, // in seconds","    name:              os.hostname() + ':' + process.pid, // assumes only one worker per node process","  };","};","","scheduler.prototype.connect = function(callback){","  var self = this;","  self.queue.connect(function(){","    self.connection = self.queue.connection;","    if(typeof callback === 'function'){ callback(); }","  });","};","","scheduler.prototype.start = function(){","  var self = this;","  self.processing = false;","","  if(!self.running){","    self.emit('start');","    self.running = true;","    self.timer = setTimeout((function(){","      self.poll();","    }), self.options.timeout);","  }","};","","scheduler.prototype.end = function(callback){","  var self = this;","  self.running = false;","  clearTimeout(self.timer);","","  if(self.processing === false){","    self.releaseMasterLock(function(error, wasMaster){","      if(error){ self.emit('error', error); }","      self.queue.end(function(){","        self.emit('end');","        process.nextTick(function(){","          if(typeof callback === 'function'){ callback(); }","        });","      });","    });","  }","","  else{","    setTimeout(function(){","      self.end(callback);","    }, (self.options.timeout / 2));","  }","};","","scheduler.prototype.poll = function(callback){","  var self = this;","  self.processing = true;","  clearTimeout(self.timer);","  self.tryForMaster(function(error, isMaster){","    if(error){ self.emit('error', error); }","    if(isMaster){","      if(!self.master){","        self.master = true;","        self.emit('master');","      }","      self.emit('poll');","      self.nextDelayedTimestamp(function(error, timestamp){","        if(!error && timestamp){","          self.emit('working_timestamp', timestamp);","          self.enqueueDelayedItemsForTimestamp(timestamp, function(error){","            if(error){ self.emit('error', error); }","            self.poll(callback);","          });","        }else{","          if(error){ self.emit('error', error); }","          self.processing = false;","          self.pollAgainLater();","          if(typeof callback === 'function'){ callback(); }","        }","      });","    }else{","      self.master = false;","      self.processing = false;","      self.pollAgainLater();","      if(typeof callback === 'function'){ callback(); }","    }","  });","};","","scheduler.prototype.pollAgainLater = function(){","  var self = this;","  if(self.running === true){","    self.timer = setTimeout(function(){","      self.poll();","    }, self.options.timeout);","  }","};","","scheduler.prototype.masterKey = function(){","  var self = this;","  return self.connection.key('resque_scheduler_master_lock');","};","","scheduler.prototype.tryForMaster = function(callback){","  var self = this;","","  if(!self.connection || !self.connection.redis){","    return callback();","  }","","  self.connection.redis.setnx(self.masterKey(), self.options.name, function(error, locked){","    if(error){ return callback(error); }","    else if(locked === true || locked === 1){","      self.connection.redis.expire(self.masterKey(), self.options.masterLockTimeout, function(error){","        return callback(error, true);","      });","    }else{","      self.connection.redis.get(self.masterKey(), function(error, value){","        if(error){ return callback(error); }","        else if(value === self.options.name){","          self.connection.redis.expire(self.masterKey(), self.options.masterLockTimeout, function(error){","            return callback(error, true);","          });","        }else{","          return callback(null, false);","        }","      });","    }","  });","};","","scheduler.prototype.releaseMasterLock = function(callback){","  var self = this;","  if(self.connection){","    self.tryForMaster(function(error, isMaster){","      if(error){ return callback(error); }","      else if(!isMaster){ return callback(null, false); }","      else{","        self.connection.redis.del(self.masterKey(), function(error, delted){","          self.master = false;","          return callback(error, (delted === 1));","        });","      }","    });","  }else{","    return callback();","  }","};","","scheduler.prototype.nextDelayedTimestamp = function(callback){","  var self = this;","  var time = Math.round(new Date().getTime() / 1000);","  self.connection.redis.zrangebyscore(self.connection.key('delayed_queue_schedule'), '-inf', time, 'limit', 0, 1, function(error, items){","    if(error || items === null || items.length === 0){","      return callback(error);","    }else{","      return callback(null, items[0]);","    }","  });","};","","scheduler.prototype.enqueueDelayedItemsForTimestamp = function(timestamp, callback){","  var self = this;","  self.nextItemForTimestamp(timestamp, function(error, job){","    if(!error && job){","      self.transfer(timestamp, job, function(){","        self.enqueueDelayedItemsForTimestamp(timestamp, callback);","      });","    }else{","      return callback(error);","    }","  });","};","","scheduler.prototype.nextItemForTimestamp = function(timestamp, callback){","  var self = this;","  var key = self.connection.key('delayed:' + timestamp);","  self.connection.redis.lpop(key, function(error, job){","    if(error){","      return callback(error);","    }else{","      self.connection.redis.srem(self.connection.key('timestamps:' + job), ('delayed:' + timestamp), function(error){","        self.cleanupTimestamp(timestamp, function(){","          if(error){","            return callback(error);","          }else{","            return callback(null, JSON.parse(job));","          }","        });","      });","    }","  });","};","","scheduler.prototype.transfer = function(timestamp, job, callback){","  var self = this;","  self.queue.enqueue(job.queue, job['class'], job.args, function(error){","    if(error){ self.emit('error', error); }","    self.emit('transferred_job', timestamp, job);","    return callback();","  });","};","","scheduler.prototype.cleanupTimestamp = function(timestamp, callback){","  var self = this;","  var key = self.connection.key('delayed:' + timestamp);","  self.connection.redis.llen(key, function(error, len){","    if(error){ return callback(error); }","    if(len === 0){","      self.connection.redis.del(key, function(error){","        if(error){ return callback(error); }","        self.connection.redis.zrem(self.connection.key('delayed_queue_schedule'), timestamp, function(error){","          return callback(error);","        });","      });","    }","    else{ return callback(); }","  });","};","","exports.scheduler = scheduler;",""],"l":{"4":1,"5":1,"6":1,"7":1,"8":1,"10":1,"11":0,"12":0,"13":0,"15":0,"16":0,"17":0,"21":0,"22":0,"23":0,"24":0,"25":0,"27":0,"29":0,"30":0,"34":1,"36":1,"37":0,"38":0,"45":1,"46":0,"47":0,"48":0,"49":0,"53":1,"54":0,"55":0,"57":0,"58":0,"59":0,"60":0,"61":0,"66":1,"67":0,"68":0,"69":0,"71":0,"72":0,"73":0,"74":0,"75":0,"76":0,"77":0,"84":0,"85":0,"90":1,"91":0,"92":0,"93":0,"94":0,"95":0,"96":0,"97":0,"98":0,"99":0,"101":0,"102":0,"103":0,"104":0,"105":0,"106":0,"107":0,"110":0,"111":0,"112":0,"113":0,"117":0,"118":0,"119":0,"120":0,"125":1,"126":0,"127":0,"128":0,"129":0,"134":1,"135":0,"136":0,"139":1,"140":0,"142":0,"143":0,"146":0,"147":0,"148":0,"149":0,"150":0,"153":0,"154":0,"155":0,"156":0,"157":0,"160":0,"167":1,"168":0,"169":0,"170":0,"171":0,"172":0,"174":0,"175":0,"176":0,"181":0,"185":1,"186":0,"187":0,"188":0,"189":0,"190":0,"192":0,"197":1,"198":0,"199":0,"200":0,"201":0,"202":0,"205":0,"210":1,"211":0,"212":0,"213":0,"214":0,"215":0,"217":0,"218":0,"219":0,"220":0,"222":0,"230":1,"231":0,"232":0,"233":0,"234":0,"235":0,"239":1,"240":0,"241":0,"242":0,"243":0,"244":0,"245":0,"246":0,"247":0,"248":0,"252":0,"256":1}}}